DEBUG 2015/11/14 22:43:14 DEBUG LogFactory:128 - Logging initialized using 'class org.apache.ibatis.logging.slf4j.Slf4jImpl' adapter.
DEBUG 2015/11/14 22:43:16 DEBUG LoginFilter:177 - Initializing filter 'LoginFilter'
DEBUG 2015/11/14 22:43:16 DEBUG LoginFilter:202 - Filter 'LoginFilter' configured successfully
DEBUG 2015/11/14 22:43:16 DEBUG XssFilter:177 - Initializing filter 'XssFilter'
DEBUG 2015/11/14 22:43:16 DEBUG XssFilter:202 - Filter 'XssFilter' configured successfully
DEBUG 2015/11/14 22:43:16 DEBUG StatelessCsrfFilter:177 - Initializing filter 'StatelessCsrfFilter'
DEBUG 2015/11/14 22:43:16 DEBUG StatelessCsrfFilter:202 - Filter 'StatelessCsrfFilter' configured successfully
DEBUG 2015/11/14 22:43:52 DEBUG LogFactory:128 - Logging initialized using 'class org.apache.ibatis.logging.slf4j.Slf4jImpl' adapter.
DEBUG 2015/11/14 22:43:53 DEBUG LoginFilter:177 - Initializing filter 'LoginFilter'
DEBUG 2015/11/14 22:43:53 DEBUG LoginFilter:202 - Filter 'LoginFilter' configured successfully
DEBUG 2015/11/14 22:43:53 DEBUG XssFilter:177 - Initializing filter 'XssFilter'
DEBUG 2015/11/14 22:43:53 DEBUG XssFilter:202 - Filter 'XssFilter' configured successfully
DEBUG 2015/11/14 22:43:53 DEBUG StatelessCsrfFilter:177 - Initializing filter 'StatelessCsrfFilter'
DEBUG 2015/11/14 22:43:53 DEBUG StatelessCsrfFilter:202 - Filter 'StatelessCsrfFilter' configured successfully
ERROR 2015/11/14 22:44:20 ERROR LoginFilter:111 - error happend
java.net.ConnectException: Connection refused
	at java.net.PlainSocketImpl.socketConnect(Native Method)
	at java.net.AbstractPlainSocketImpl.doConnect(AbstractPlainSocketImpl.java:350)
	at java.net.AbstractPlainSocketImpl.connectToAddress(AbstractPlainSocketImpl.java:206)
	at java.net.AbstractPlainSocketImpl.connect(AbstractPlainSocketImpl.java:188)
	at java.net.SocksSocketImpl.connect(SocksSocketImpl.java:392)
	at java.net.Socket.connect(Socket.java:589)
	at java.net.Socket.connect(Socket.java:538)
	at java.net.Socket.<init>(Socket.java:434)
	at java.net.Socket.<init>(Socket.java:244)
	at com.mysql.jdbc.StandardSocketFactory.connect(StandardSocketFactory.java:259)
	at com.mysql.jdbc.MysqlIO.<init>(MysqlIO.java:308)
	at com.mysql.jdbc.ConnectionImpl.coreConnect(ConnectionImpl.java:2489)
	at com.mysql.jdbc.ConnectionImpl.connectOneTryOnly(ConnectionImpl.java:2526)
	at com.mysql.jdbc.ConnectionImpl.createNewIO(ConnectionImpl.java:2311)
	at com.mysql.jdbc.ConnectionImpl.<init>(ConnectionImpl.java:834)
	at com.mysql.jdbc.JDBC4Connection.<init>(JDBC4Connection.java:47)
	at sun.reflect.NativeConstructorAccessorImpl.newInstance0(Native Method)
	at sun.reflect.NativeConstructorAccessorImpl.newInstance(NativeConstructorAccessorImpl.java:62)
	at sun.reflect.DelegatingConstructorAccessorImpl.newInstance(DelegatingConstructorAccessorImpl.java:45)
	at java.lang.reflect.Constructor.newInstance(Constructor.java:422)
	at com.mysql.jdbc.Util.handleNewInstance(Util.java:411)
	at com.mysql.jdbc.ConnectionImpl.getInstance(ConnectionImpl.java:416)
	at com.mysql.jdbc.NonRegisteringDriver.connect(NonRegisteringDriver.java:347)
	at org.apache.commons.dbcp.DriverConnectionFactory.createConnection(DriverConnectionFactory.java:38)
	at org.apache.commons.dbcp.PoolableConnectionFactory.makeObject(PoolableConnectionFactory.java:582)
	at org.apache.commons.dbcp.BasicDataSource.validateConnectionFactory(BasicDataSource.java:1556)
	at org.apache.commons.dbcp.BasicDataSource.createPoolableConnectionFactory(BasicDataSource.java:1545)
	at org.apache.commons.dbcp.BasicDataSource.createDataSource(BasicDataSource.java:1388)
	at org.apache.commons.dbcp.BasicDataSource.getConnection(BasicDataSource.java:1044)
	at org.springframework.jdbc.datasource.DataSourceUtils.doGetConnection(DataSourceUtils.java:111)
	at org.springframework.jdbc.datasource.DataSourceUtils.getConnection(DataSourceUtils.java:77)
	at org.mybatis.spring.transaction.SpringManagedTransaction.openConnection(SpringManagedTransaction.java:82)
	at org.mybatis.spring.transaction.SpringManagedTransaction.getConnection(SpringManagedTransaction.java:68)
	at org.apache.ibatis.executor.BaseExecutor.getConnection(BaseExecutor.java:279)
	at org.apache.ibatis.executor.SimpleExecutor.prepareStatement(SimpleExecutor.java:72)
	at org.apache.ibatis.executor.SimpleExecutor.doQuery(SimpleExecutor.java:59)
	at org.apache.ibatis.executor.BaseExecutor.queryFromDatabase(BaseExecutor.java:267)
	at org.apache.ibatis.executor.BaseExecutor.query(BaseExecutor.java:137)
	at org.apache.ibatis.executor.CachingExecutor.query(CachingExecutor.java:96)
	at org.apache.ibatis.executor.CachingExecutor.query(CachingExecutor.java:77)
	at sun.reflect.NativeMethodAccessorImpl.invoke0(Native Method)
	at sun.reflect.NativeMethodAccessorImpl.invoke(NativeMethodAccessorImpl.java:62)
	at sun.reflect.DelegatingMethodAccessorImpl.invoke(DelegatingMethodAccessorImpl.java:43)
	at java.lang.reflect.Method.invoke(Method.java:497)
	at org.apache.ibatis.plugin.Invocation.proceed(Invocation.java:49)
	at com.zblog.core.plugin.PerformanceInterceptor.intercept(PerformanceInterceptor.java:54)
	at org.apache.ibatis.plugin.Plugin.invoke(Plugin.java:60)
	at com.sun.proxy.$Proxy46.query(Unknown Source)
	at org.apache.ibatis.session.defaults.DefaultSqlSession.selectList(DefaultSqlSession.java:108)
	at org.apache.ibatis.session.defaults.DefaultSqlSession.selectList(DefaultSqlSession.java:102)
	at sun.reflect.NativeMethodAccessorImpl.invoke0(Native Method)
	at sun.reflect.NativeMethodAccessorImpl.invoke(NativeMethodAccessorImpl.java:62)
	at sun.reflect.DelegatingMethodAccessorImpl.invoke(DelegatingMethodAccessorImpl.java:43)
	at java.lang.reflect.Method.invoke(Method.java:497)
	at org.mybatis.spring.SqlSessionTemplate$SqlSessionInterceptor.invoke(SqlSessionTemplate.java:386)
	at com.sun.proxy.$Proxy26.selectList(Unknown Source)
	at org.mybatis.spring.SqlSessionTemplate.selectList(SqlSessionTemplate.java:205)
	at org.apache.ibatis.binding.MapperMethod.executeForMany(MapperMethod.java:119)
	at org.apache.ibatis.binding.MapperMethod.execute(MapperMethod.java:63)
	at org.apache.ibatis.binding.MapperProxy.invoke(MapperProxy.java:52)
	at com.sun.proxy.$Proxy29.list(Unknown Source)
	at com.zblog.service.BaseService.list(BaseService.java:20)
	at com.zblog.service.PostService.listPost(PostService.java:67)
	at com.zblog.service.PostService$$FastClassBySpringCGLIB$$692a741d.invoke(<generated>)
	at org.springframework.cglib.proxy.MethodProxy.invoke(MethodProxy.java:204)
	at org.springframework.aop.framework.CglibAopProxy$CglibMethodInvocation.invokeJoinpoint(CglibAopProxy.java:717)
	at org.springframework.aop.framework.ReflectiveMethodInvocation.proceed(ReflectiveMethodInvocation.java:157)
	at org.springframework.aop.interceptor.ExposeInvocationInterceptor.invoke(ExposeInvocationInterceptor.java:92)
	at org.springframework.aop.framework.ReflectiveMethodInvocation.proceed(ReflectiveMethodInvocation.java:179)
	at org.springframework.aop.framework.CglibAopProxy$DynamicAdvisedInterceptor.intercept(CglibAopProxy.java:653)
	at com.zblog.service.PostService$$EnhancerBySpringCGLIB$$51e5cc0f.listPost(<generated>)
	at com.zblog.biz.PostManager.listPost(PostManager.java:141)
	at com.zblog.biz.PostManager$$FastClassBySpringCGLIB$$9a74fef3.invoke(<generated>)
	at org.springframework.cglib.proxy.MethodProxy.invoke(MethodProxy.java:204)
	at org.springframework.aop.framework.CglibAopProxy$CglibMethodInvocation.invokeJoinpoint(CglibAopProxy.java:717)
	at org.springframework.aop.framework.ReflectiveMethodInvocation.proceed(ReflectiveMethodInvocation.java:157)
	at org.springframework.aop.interceptor.ExposeInvocationInterceptor.invoke(ExposeInvocationInterceptor.java:92)
	at org.springframework.aop.framework.ReflectiveMethodInvocation.proceed(ReflectiveMethodInvocation.java:179)
	at org.springframework.aop.framework.CglibAopProxy$DynamicAdvisedInterceptor.intercept(CglibAopProxy.java:653)
	at com.zblog.biz.PostManager$$EnhancerBySpringCGLIB$$95da91a7.listPost(<generated>)
	at com.zblog.web.front.controller.IndexController.index(IndexController.java:49)
	at sun.reflect.NativeMethodAccessorImpl.invoke0(Native Method)
	at sun.reflect.NativeMethodAccessorImpl.invoke(NativeMethodAccessorImpl.java:62)
	at sun.reflect.DelegatingMethodAccessorImpl.invoke(DelegatingMethodAccessorImpl.java:43)
	at java.lang.reflect.Method.invoke(Method.java:497)
	at org.springframework.web.method.support.InvocableHandlerMethod.doInvoke(InvocableHandlerMethod.java:221)
	at org.springframework.web.method.support.InvocableHandlerMethod.invokeForRequest(InvocableHandlerMethod.java:137)
	at org.springframework.web.servlet.mvc.method.annotation.ServletInvocableHandlerMethod.invokeAndHandle(ServletInvocableHandlerMethod.java:110)
	at org.springframework.web.servlet.mvc.method.annotation.RequestMappingHandlerAdapter.invokeHandleMethod(RequestMappingHandlerAdapter.java:777)
	at org.springframework.web.servlet.mvc.method.annotation.RequestMappingHandlerAdapter.handleInternal(RequestMappingHandlerAdapter.java:706)
	at org.springframework.web.servlet.mvc.method.AbstractHandlerMethodAdapter.handle(AbstractHandlerMethodAdapter.java:85)
	at org.springframework.web.servlet.DispatcherServlet.doDispatch(DispatcherServlet.java:943)
	at org.springframework.web.servlet.DispatcherServlet.doService(DispatcherServlet.java:877)
	at org.springframework.web.servlet.FrameworkServlet.processRequest(FrameworkServlet.java:966)
	at org.springframework.web.servlet.FrameworkServlet.doGet(FrameworkServlet.java:857)
	at javax.servlet.http.HttpServlet.service(HttpServlet.java:687)
	at org.springframework.web.servlet.FrameworkServlet.service(FrameworkServlet.java:842)
	at javax.servlet.http.HttpServlet.service(HttpServlet.java:790)
	at org.eclipse.jetty.servlet.ServletHolder.handle(ServletHolder.java:800)
	at org.eclipse.jetty.servlet.ServletHandler$CachedChain.doFilter(ServletHandler.java:1669)
	at org.springframework.web.filter.HiddenHttpMethodFilter.doFilterInternal(HiddenHttpMethodFilter.java:77)
	at org.springframework.web.filter.OncePerRequestFilter.doFilter(OncePerRequestFilter.java:107)
	at org.eclipse.jetty.servlet.ServletHandler$CachedChain.doFilter(ServletHandler.java:1652)
	at com.zblog.web.filter.StatelessCsrfFilter.doFilterInternal(StatelessCsrfFilter.java:95)
	at org.springframework.web.filter.OncePerRequestFilter.doFilter(OncePerRequestFilter.java:107)
	at org.eclipse.jetty.servlet.ServletHandler$CachedChain.doFilter(ServletHandler.java:1652)
	at com.zblog.web.filter.LoginFilter.doFilterInternal(LoginFilter.java:56)
	at org.springframework.web.filter.OncePerRequestFilter.doFilter(OncePerRequestFilter.java:107)
	at org.eclipse.jetty.servlet.ServletHandler$CachedChain.doFilter(ServletHandler.java:1652)
	at org.springframework.web.filter.HttpPutFormContentFilter.doFilterInternal(HttpPutFormContentFilter.java:87)
	at org.springframework.web.filter.OncePerRequestFilter.doFilter(OncePerRequestFilter.java:107)
	at org.eclipse.jetty.servlet.ServletHandler$CachedChain.doFilter(ServletHandler.java:1652)
	at com.zblog.web.filter.XssFilter.doFilterInternal(XssFilter.java:60)
	at org.springframework.web.filter.OncePerRequestFilter.doFilter(OncePerRequestFilter.java:107)
	at org.eclipse.jetty.servlet.ServletHandler$CachedChain.doFilter(ServletHandler.java:1652)
	at org.eclipse.jetty.servlet.ServletHandler.doHandle(ServletHandler.java:585)
	at org.eclipse.jetty.server.handler.ScopedHandler.handle(ScopedHandler.java:143)
	at org.eclipse.jetty.security.SecurityHandler.handle(SecurityHandler.java:577)
	at org.eclipse.jetty.server.session.SessionHandler.doHandle(SessionHandler.java:223)
	at org.eclipse.jetty.server.handler.ContextHandler.doHandle(ContextHandler.java:1125)
	at org.eclipse.jetty.servlet.ServletHandler.doScope(ServletHandler.java:515)
	at org.eclipse.jetty.server.session.SessionHandler.doScope(SessionHandler.java:185)
	at org.eclipse.jetty.server.handler.ContextHandler.doScope(ContextHandler.java:1059)
	at org.eclipse.jetty.server.handler.ScopedHandler.handle(ScopedHandler.java:141)
	at org.eclipse.jetty.server.handler.ContextHandlerCollection.handle(ContextHandlerCollection.java:215)
	at org.eclipse.jetty.server.handler.HandlerCollection.handle(HandlerCollection.java:110)
	at org.eclipse.jetty.server.handler.HandlerWrapper.handle(HandlerWrapper.java:97)
	at org.eclipse.jetty.server.Server.handle(Server.java:497)
	at org.eclipse.jetty.server.HttpChannel.handle(HttpChannel.java:313)
	at org.eclipse.jetty.server.HttpConnection.onFillable(HttpConnection.java:248)
	at org.eclipse.jetty.io.AbstractConnection$2.run(AbstractConnection.java:540)
	at org.eclipse.jetty.util.thread.QueuedThreadPool.runJob(QueuedThreadPool.java:626)
	at org.eclipse.jetty.util.thread.QueuedThreadPool$3.run(QueuedThreadPool.java:546)
	at java.lang.Thread.run(Thread.java:745)
WARN 2015/11/14 22:44:21  WARN PageNotFound:1120 - No mapping found for HTTP request with URI [/favicon.ico] in DispatcherServlet with name 'Zblog'
DEBUG 2015/11/14 22:54:38 DEBUG LogFactory:128 - Logging initialized using 'class org.apache.ibatis.logging.slf4j.Slf4jImpl' adapter.
DEBUG 2015/11/14 22:54:40 DEBUG LoginFilter:177 - Initializing filter 'LoginFilter'
DEBUG 2015/11/14 22:54:40 DEBUG LoginFilter:202 - Filter 'LoginFilter' configured successfully
DEBUG 2015/11/14 22:54:40 DEBUG XssFilter:177 - Initializing filter 'XssFilter'
DEBUG 2015/11/14 22:54:40 DEBUG XssFilter:202 - Filter 'XssFilter' configured successfully
DEBUG 2015/11/14 22:54:40 DEBUG StatelessCsrfFilter:177 - Initializing filter 'StatelessCsrfFilter'
DEBUG 2015/11/14 22:54:40 DEBUG StatelessCsrfFilter:202 - Filter 'StatelessCsrfFilter' configured successfully
DEBUG 2015/11/14 22:55:18 DEBUG list:139 - ==>  Preparing: select count(*) from ( select id from post p where p.type=? order by p.createTime desc ) _temp_ 
DEBUG 2015/11/14 22:55:18 DEBUG BeanPropertyUtils:37 - can't found field mappedStatement in class class org.apache.ibatis.executor.statement.PreparedStatementHandler
DEBUG 2015/11/14 22:55:18 DEBUG list:139 - ==> Parameters: post(String)
DEBUG 2015/11/14 22:55:18 DEBUG list:139 - ==>  Preparing: select id from post p where p.type=? order by p.createTime desc limit 0,10 
DEBUG 2015/11/14 22:55:18 DEBUG list:139 - ==> Parameters: post(String)
DEBUG 2015/11/14 22:55:18 DEBUG list:139 - <==      Total: 0
DEBUG 2015/11/14 22:55:18 DEBUG PerformanceInterceptor:57 - use time->1146 ms - id:com.zblog.core.dal.mapper.PostMapper.list - sql:select id from post p where p.type='post' order by p.createTime desc
DEBUG 2015/11/14 22:55:20 DEBUG getOptionValue:139 - ==>  Preparing: select value from options where id = ? 
DEBUG 2015/11/14 22:55:20 DEBUG getOptionValue:139 - ==> Parameters: description(String)
DEBUG 2015/11/14 22:55:20 DEBUG getOptionValue:139 - <==      Total: 1
DEBUG 2015/11/14 22:55:20 DEBUG PerformanceInterceptor:57 - use time->39 ms - id:com.zblog.core.dal.mapper.OptionMapper.getOptionValue - sql:select value from options where id = 'description'
DEBUG 2015/11/14 22:55:20 DEBUG getOptionValue:139 - ==>  Preparing: select value from options where id = ? 
DEBUG 2015/11/14 22:55:20 DEBUG getOptionValue:139 - ==> Parameters: keywords(String)
DEBUG 2015/11/14 22:55:20 DEBUG getOptionValue:139 - <==      Total: 0
DEBUG 2015/11/14 22:55:20 DEBUG PerformanceInterceptor:57 - use time->38 ms - id:com.zblog.core.dal.mapper.OptionMapper.getOptionValue - sql:select value from options where id = 'keywords'
DEBUG 2015/11/14 22:55:20 DEBUG getOptionValue:139 - ==>  Preparing: select value from options where id = ? 
DEBUG 2015/11/14 22:55:20 DEBUG getOptionValue:139 - ==> Parameters: title(String)
DEBUG 2015/11/14 22:55:20 DEBUG getOptionValue:139 - <==      Total: 1
DEBUG 2015/11/14 22:55:20 DEBUG PerformanceInterceptor:57 - use time->41 ms - id:com.zblog.core.dal.mapper.OptionMapper.getOptionValue - sql:select value from options where id = 'title'
DEBUG 2015/11/14 22:56:05 DEBUG list:139 - ==>  Preparing: select count(*) from ( select id from post p where p.type=? order by p.createTime desc ) _temp_ 
DEBUG 2015/11/14 22:56:05 DEBUG BeanPropertyUtils:37 - can't found field mappedStatement in class class org.apache.ibatis.executor.statement.PreparedStatementHandler
DEBUG 2015/11/14 22:56:05 DEBUG list:139 - ==> Parameters: post(String)
DEBUG 2015/11/14 22:56:05 DEBUG list:139 - ==>  Preparing: select id from post p where p.type=? order by p.createTime desc limit 0,10 
DEBUG 2015/11/14 22:56:05 DEBUG list:139 - ==> Parameters: post(String)
DEBUG 2015/11/14 22:56:05 DEBUG list:139 - <==      Total: 0
DEBUG 2015/11/14 22:56:05 DEBUG PerformanceInterceptor:57 - use time->78 ms - id:com.zblog.core.dal.mapper.PostMapper.list - sql:select id from post p where p.type='post' order by p.createTime desc
DEBUG 2015/11/14 22:56:05 DEBUG getOptionValue:139 - ==>  Preparing: select value from options where id = ? 
DEBUG 2015/11/14 22:56:05 DEBUG getOptionValue:139 - ==> Parameters: keywords(String)
DEBUG 2015/11/14 22:56:05 DEBUG getOptionValue:139 - <==      Total: 0
DEBUG 2015/11/14 22:56:05 DEBUG PerformanceInterceptor:57 - use time->37 ms - id:com.zblog.core.dal.mapper.OptionMapper.getOptionValue - sql:select value from options where id = 'keywords'
DEBUG 2015/11/14 22:56:07 DEBUG list:139 - ==>  Preparing: select count(*) from ( select id from post p where p.type=? order by p.createTime desc ) _temp_ 
DEBUG 2015/11/14 22:56:07 DEBUG BeanPropertyUtils:37 - can't found field mappedStatement in class class org.apache.ibatis.executor.statement.PreparedStatementHandler
DEBUG 2015/11/14 22:56:07 DEBUG list:139 - ==> Parameters: post(String)
DEBUG 2015/11/14 22:56:07 DEBUG list:139 - ==>  Preparing: select id from post p where p.type=? order by p.createTime desc limit 0,10 
DEBUG 2015/11/14 22:56:07 DEBUG list:139 - ==> Parameters: post(String)
DEBUG 2015/11/14 22:56:07 DEBUG list:139 - <==      Total: 0
DEBUG 2015/11/14 22:56:07 DEBUG PerformanceInterceptor:57 - use time->105 ms - id:com.zblog.core.dal.mapper.PostMapper.list - sql:select id from post p where p.type='post' order by p.createTime desc
DEBUG 2015/11/14 22:56:07 DEBUG getOptionValue:139 - ==>  Preparing: select value from options where id = ? 
DEBUG 2015/11/14 22:56:07 DEBUG getOptionValue:139 - ==> Parameters: keywords(String)
DEBUG 2015/11/14 22:56:07 DEBUG getOptionValue:139 - <==      Total: 0
DEBUG 2015/11/14 22:56:07 DEBUG PerformanceInterceptor:57 - use time->35 ms - id:com.zblog.core.dal.mapper.OptionMapper.getOptionValue - sql:select value from options where id = 'keywords'
DEBUG 2015/11/14 23:14:07 DEBUG LogFactory:128 - Logging initialized using 'class org.apache.ibatis.logging.slf4j.Slf4jImpl' adapter.
DEBUG 2015/11/14 23:14:10 DEBUG LoginFilter:177 - Initializing filter 'LoginFilter'
DEBUG 2015/11/14 23:14:10 DEBUG LoginFilter:202 - Filter 'LoginFilter' configured successfully
DEBUG 2015/11/14 23:14:10 DEBUG XssFilter:177 - Initializing filter 'XssFilter'
DEBUG 2015/11/14 23:14:10 DEBUG XssFilter:202 - Filter 'XssFilter' configured successfully
DEBUG 2015/11/14 23:14:10 DEBUG StatelessCsrfFilter:177 - Initializing filter 'StatelessCsrfFilter'
DEBUG 2015/11/14 23:14:10 DEBUG StatelessCsrfFilter:202 - Filter 'StatelessCsrfFilter' configured successfully
DEBUG 2015/11/14 23:14:42 DEBUG list:139 - ==>  Preparing: select count(*) from ( select id from post p where p.type=? order by p.createTime desc ) _temp_ 
DEBUG 2015/11/14 23:14:42 DEBUG BeanPropertyUtils:37 - can't found field mappedStatement in class class org.apache.ibatis.executor.statement.PreparedStatementHandler
DEBUG 2015/11/14 23:14:42 DEBUG list:139 - ==> Parameters: post(String)
DEBUG 2015/11/14 23:14:42 DEBUG list:139 - ==>  Preparing: select id from post p where p.type=? order by p.createTime desc limit 0,10 
DEBUG 2015/11/14 23:14:42 DEBUG list:139 - ==> Parameters: post(String)
DEBUG 2015/11/14 23:14:42 DEBUG list:139 - <==      Total: 0
DEBUG 2015/11/14 23:14:42 DEBUG PerformanceInterceptor:57 - use time->1201 ms - id:com.zblog.core.dal.mapper.PostMapper.list - sql:select id from post p where p.type='post' order by p.createTime desc
DEBUG 2015/11/14 23:14:44 DEBUG getOptionValue:139 - ==>  Preparing: select value from options where id = ? 
DEBUG 2015/11/14 23:14:44 DEBUG getOptionValue:139 - ==> Parameters: description(String)
DEBUG 2015/11/14 23:14:44 DEBUG getOptionValue:139 - <==      Total: 1
DEBUG 2015/11/14 23:14:44 DEBUG PerformanceInterceptor:57 - use time->43 ms - id:com.zblog.core.dal.mapper.OptionMapper.getOptionValue - sql:select value from options where id = 'description'
DEBUG 2015/11/14 23:14:44 DEBUG getOptionValue:139 - ==>  Preparing: select value from options where id = ? 
DEBUG 2015/11/14 23:14:44 DEBUG getOptionValue:139 - ==> Parameters: keywords(String)
DEBUG 2015/11/14 23:14:44 DEBUG getOptionValue:139 - <==      Total: 0
DEBUG 2015/11/14 23:14:44 DEBUG PerformanceInterceptor:57 - use time->37 ms - id:com.zblog.core.dal.mapper.OptionMapper.getOptionValue - sql:select value from options where id = 'keywords'
DEBUG 2015/11/14 23:14:44 DEBUG getOptionValue:139 - ==>  Preparing: select value from options where id = ? 
DEBUG 2015/11/14 23:14:44 DEBUG getOptionValue:139 - ==> Parameters: title(String)
DEBUG 2015/11/14 23:14:44 DEBUG getOptionValue:139 - <==      Total: 1
DEBUG 2015/11/14 23:14:44 DEBUG PerformanceInterceptor:57 - use time->35 ms - id:com.zblog.core.dal.mapper.OptionMapper.getOptionValue - sql:select value from options where id = 'title'
DEBUG 2015/11/14 23:15:08 DEBUG list:139 - ==>  Preparing: select count(*) from ( select id from post p where p.type=? order by p.createTime desc ) _temp_ 
DEBUG 2015/11/14 23:15:08 DEBUG BeanPropertyUtils:37 - can't found field mappedStatement in class class org.apache.ibatis.executor.statement.PreparedStatementHandler
DEBUG 2015/11/14 23:15:08 DEBUG list:139 - ==> Parameters: post(String)
DEBUG 2015/11/14 23:15:08 DEBUG list:139 - ==>  Preparing: select id from post p where p.type=? order by p.createTime desc limit 0,10 
DEBUG 2015/11/14 23:15:08 DEBUG list:139 - ==> Parameters: post(String)
DEBUG 2015/11/14 23:15:08 DEBUG list:139 - <==      Total: 0
DEBUG 2015/11/14 23:15:08 DEBUG PerformanceInterceptor:57 - use time->71 ms - id:com.zblog.core.dal.mapper.PostMapper.list - sql:select id from post p where p.type='post' order by p.createTime desc
DEBUG 2015/11/14 23:15:08 DEBUG getOptionValue:139 - ==>  Preparing: select value from options where id = ? 
DEBUG 2015/11/14 23:15:08 DEBUG getOptionValue:139 - ==> Parameters: keywords(String)
DEBUG 2015/11/14 23:15:08 DEBUG getOptionValue:139 - <==      Total: 0
DEBUG 2015/11/14 23:15:08 DEBUG PerformanceInterceptor:57 - use time->55 ms - id:com.zblog.core.dal.mapper.OptionMapper.getOptionValue - sql:select value from options where id = 'keywords'
DEBUG 2015/11/14 23:27:23 DEBUG list:139 - ==>  Preparing: select count(*) from ( select id from post p where p.type=? order by p.createTime desc ) _temp_ 
DEBUG 2015/11/14 23:27:23 DEBUG BeanPropertyUtils:37 - can't found field mappedStatement in class class org.apache.ibatis.executor.statement.PreparedStatementHandler
DEBUG 2015/11/14 23:27:23 DEBUG list:139 - ==> Parameters: post(String)
ERROR 2015/11/14 23:27:44 ERROR PageInterceptor:69 - can't get count Communications link failure

The last packet successfully received from the server was 755,880 milliseconds ago.  The last packet sent successfully to the server was 20,773 milliseconds ago.
DEBUG 2015/11/14 23:27:44 DEBUG list:139 - ==>  Preparing: select id from post p where p.type=? order by p.createTime desc limit 0,10 
ERROR 2015/11/14 23:27:44 ERROR LoginFilter:111 - error happend
java.net.SocketException: Operation timed out
	at java.net.SocketInputStream.socketRead0(Native Method)
	at java.net.SocketInputStream.socketRead(SocketInputStream.java:116)
	at java.net.SocketInputStream.read(SocketInputStream.java:170)
	at java.net.SocketInputStream.read(SocketInputStream.java:141)
	at com.mysql.jdbc.util.ReadAheadInputStream.fill(ReadAheadInputStream.java:114)
	at com.mysql.jdbc.util.ReadAheadInputStream.readFromUnderlyingStreamIfNecessary(ReadAheadInputStream.java:161)
	at com.mysql.jdbc.util.ReadAheadInputStream.read(ReadAheadInputStream.java:189)
	at com.mysql.jdbc.MysqlIO.readFully(MysqlIO.java:3163)
	at com.mysql.jdbc.MysqlIO.reuseAndReadPacket(MysqlIO.java:3620)
	at com.mysql.jdbc.MysqlIO.reuseAndReadPacket(MysqlIO.java:3609)
	at com.mysql.jdbc.MysqlIO.checkErrorPacket(MysqlIO.java:4160)
	at com.mysql.jdbc.MysqlIO.sendCommand(MysqlIO.java:2617)
	at com.mysql.jdbc.MysqlIO.sqlQueryDirect(MysqlIO.java:2778)
	at com.mysql.jdbc.ConnectionImpl.execSQL(ConnectionImpl.java:2825)
	at com.mysql.jdbc.PreparedStatement.executeInternal(PreparedStatement.java:2156)
	at com.mysql.jdbc.PreparedStatement.executeQuery(PreparedStatement.java:2323)
	at org.apache.commons.dbcp.DelegatingPreparedStatement.executeQuery(DelegatingPreparedStatement.java:96)
	at org.apache.commons.dbcp.DelegatingPreparedStatement.executeQuery(DelegatingPreparedStatement.java:96)
	at sun.reflect.NativeMethodAccessorImpl.invoke0(Native Method)
	at sun.reflect.NativeMethodAccessorImpl.invoke(NativeMethodAccessorImpl.java:62)
	at sun.reflect.DelegatingMethodAccessorImpl.invoke(DelegatingMethodAccessorImpl.java:43)
	at java.lang.reflect.Method.invoke(Method.java:497)
	at org.apache.ibatis.logging.jdbc.PreparedStatementLogger.invoke(PreparedStatementLogger.java:55)
	at com.sun.proxy.$Proxy49.executeQuery(Unknown Source)
	at com.zblog.core.plugin.PageInterceptor.intercept(PageInterceptor.java:61)
	at org.apache.ibatis.plugin.Plugin.invoke(Plugin.java:60)
	at com.sun.proxy.$Proxy47.prepare(Unknown Source)
	at org.apache.ibatis.executor.SimpleExecutor.prepareStatement(SimpleExecutor.java:73)
	at org.apache.ibatis.executor.SimpleExecutor.doQuery(SimpleExecutor.java:59)
	at org.apache.ibatis.executor.BaseExecutor.queryFromDatabase(BaseExecutor.java:267)
	at org.apache.ibatis.executor.BaseExecutor.query(BaseExecutor.java:137)
	at org.apache.ibatis.executor.CachingExecutor.query(CachingExecutor.java:96)
	at org.apache.ibatis.executor.CachingExecutor.query(CachingExecutor.java:77)
	at sun.reflect.NativeMethodAccessorImpl.invoke0(Native Method)
	at sun.reflect.NativeMethodAccessorImpl.invoke(NativeMethodAccessorImpl.java:62)
	at sun.reflect.DelegatingMethodAccessorImpl.invoke(DelegatingMethodAccessorImpl.java:43)
	at java.lang.reflect.Method.invoke(Method.java:497)
	at org.apache.ibatis.plugin.Invocation.proceed(Invocation.java:49)
	at com.zblog.core.plugin.PerformanceInterceptor.intercept(PerformanceInterceptor.java:54)
	at org.apache.ibatis.plugin.Plugin.invoke(Plugin.java:60)
	at com.sun.proxy.$Proxy46.query(Unknown Source)
	at org.apache.ibatis.session.defaults.DefaultSqlSession.selectList(DefaultSqlSession.java:108)
	at org.apache.ibatis.session.defaults.DefaultSqlSession.selectList(DefaultSqlSession.java:102)
	at sun.reflect.NativeMethodAccessorImpl.invoke0(Native Method)
	at sun.reflect.NativeMethodAccessorImpl.invoke(NativeMethodAccessorImpl.java:62)
	at sun.reflect.DelegatingMethodAccessorImpl.invoke(DelegatingMethodAccessorImpl.java:43)
	at java.lang.reflect.Method.invoke(Method.java:497)
	at org.mybatis.spring.SqlSessionTemplate$SqlSessionInterceptor.invoke(SqlSessionTemplate.java:386)
	at com.sun.proxy.$Proxy26.selectList(Unknown Source)
	at org.mybatis.spring.SqlSessionTemplate.selectList(SqlSessionTemplate.java:205)
	at org.apache.ibatis.binding.MapperMethod.executeForMany(MapperMethod.java:119)
	at org.apache.ibatis.binding.MapperMethod.execute(MapperMethod.java:63)
	at org.apache.ibatis.binding.MapperProxy.invoke(MapperProxy.java:52)
	at com.sun.proxy.$Proxy29.list(Unknown Source)
	at com.zblog.service.BaseService.list(BaseService.java:20)
	at com.zblog.service.PostService.listPost(PostService.java:67)
	at com.zblog.service.PostService$$FastClassBySpringCGLIB$$692a741d.invoke(<generated>)
	at org.springframework.cglib.proxy.MethodProxy.invoke(MethodProxy.java:204)
	at org.springframework.aop.framework.CglibAopProxy$CglibMethodInvocation.invokeJoinpoint(CglibAopProxy.java:717)
	at org.springframework.aop.framework.ReflectiveMethodInvocation.proceed(ReflectiveMethodInvocation.java:157)
	at org.springframework.aop.interceptor.ExposeInvocationInterceptor.invoke(ExposeInvocationInterceptor.java:92)
	at org.springframework.aop.framework.ReflectiveMethodInvocation.proceed(ReflectiveMethodInvocation.java:179)
	at org.springframework.aop.framework.CglibAopProxy$DynamicAdvisedInterceptor.intercept(CglibAopProxy.java:653)
	at com.zblog.service.PostService$$EnhancerBySpringCGLIB$$aac57b4.listPost(<generated>)
	at com.zblog.biz.PostManager.listPost(PostManager.java:141)
	at com.zblog.biz.PostManager$$FastClassBySpringCGLIB$$9a74fef3.invoke(<generated>)
	at org.springframework.cglib.proxy.MethodProxy.invoke(MethodProxy.java:204)
	at org.springframework.aop.framework.CglibAopProxy$CglibMethodInvocation.invokeJoinpoint(CglibAopProxy.java:717)
	at org.springframework.aop.framework.ReflectiveMethodInvocation.proceed(ReflectiveMethodInvocation.java:157)
	at org.springframework.aop.interceptor.ExposeInvocationInterceptor.invoke(ExposeInvocationInterceptor.java:92)
	at org.springframework.aop.framework.ReflectiveMethodInvocation.proceed(ReflectiveMethodInvocation.java:179)
	at org.springframework.aop.framework.CglibAopProxy$DynamicAdvisedInterceptor.intercept(CglibAopProxy.java:653)
	at com.zblog.biz.PostManager$$EnhancerBySpringCGLIB$$8790fb46.listPost(<generated>)
	at com.zblog.web.front.controller.IndexController.index(IndexController.java:49)
	at sun.reflect.NativeMethodAccessorImpl.invoke0(Native Method)
	at sun.reflect.NativeMethodAccessorImpl.invoke(NativeMethodAccessorImpl.java:62)
	at sun.reflect.DelegatingMethodAccessorImpl.invoke(DelegatingMethodAccessorImpl.java:43)
	at java.lang.reflect.Method.invoke(Method.java:497)
	at org.springframework.web.method.support.InvocableHandlerMethod.doInvoke(InvocableHandlerMethod.java:221)
	at org.springframework.web.method.support.InvocableHandlerMethod.invokeForRequest(InvocableHandlerMethod.java:137)
	at org.springframework.web.servlet.mvc.method.annotation.ServletInvocableHandlerMethod.invokeAndHandle(ServletInvocableHandlerMethod.java:110)
	at org.springframework.web.servlet.mvc.method.annotation.RequestMappingHandlerAdapter.invokeHandleMethod(RequestMappingHandlerAdapter.java:777)
	at org.springframework.web.servlet.mvc.method.annotation.RequestMappingHandlerAdapter.handleInternal(RequestMappingHandlerAdapter.java:706)
	at org.springframework.web.servlet.mvc.method.AbstractHandlerMethodAdapter.handle(AbstractHandlerMethodAdapter.java:85)
	at org.springframework.web.servlet.DispatcherServlet.doDispatch(DispatcherServlet.java:943)
	at org.springframework.web.servlet.DispatcherServlet.doService(DispatcherServlet.java:877)
	at org.springframework.web.servlet.FrameworkServlet.processRequest(FrameworkServlet.java:966)
	at org.springframework.web.servlet.FrameworkServlet.doGet(FrameworkServlet.java:857)
	at javax.servlet.http.HttpServlet.service(HttpServlet.java:687)
	at org.springframework.web.servlet.FrameworkServlet.service(FrameworkServlet.java:842)
	at javax.servlet.http.HttpServlet.service(HttpServlet.java:790)
	at org.eclipse.jetty.servlet.ServletHolder.handle(ServletHolder.java:800)
	at org.eclipse.jetty.servlet.ServletHandler$CachedChain.doFilter(ServletHandler.java:1669)
	at org.springframework.web.filter.HiddenHttpMethodFilter.doFilterInternal(HiddenHttpMethodFilter.java:77)
	at org.springframework.web.filter.OncePerRequestFilter.doFilter(OncePerRequestFilter.java:107)
	at org.eclipse.jetty.servlet.ServletHandler$CachedChain.doFilter(ServletHandler.java:1652)
	at com.zblog.web.filter.StatelessCsrfFilter.doFilterInternal(StatelessCsrfFilter.java:95)
	at org.springframework.web.filter.OncePerRequestFilter.doFilter(OncePerRequestFilter.java:107)
	at org.eclipse.jetty.servlet.ServletHandler$CachedChain.doFilter(ServletHandler.java:1652)
	at com.zblog.web.filter.LoginFilter.doFilterInternal(LoginFilter.java:56)
	at org.springframework.web.filter.OncePerRequestFilter.doFilter(OncePerRequestFilter.java:107)
	at org.eclipse.jetty.servlet.ServletHandler$CachedChain.doFilter(ServletHandler.java:1652)
	at org.springframework.web.filter.HttpPutFormContentFilter.doFilterInternal(HttpPutFormContentFilter.java:87)
	at org.springframework.web.filter.OncePerRequestFilter.doFilter(OncePerRequestFilter.java:107)
	at org.eclipse.jetty.servlet.ServletHandler$CachedChain.doFilter(ServletHandler.java:1652)
	at com.zblog.web.filter.XssFilter.doFilterInternal(XssFilter.java:60)
	at org.springframework.web.filter.OncePerRequestFilter.doFilter(OncePerRequestFilter.java:107)
	at org.eclipse.jetty.servlet.ServletHandler$CachedChain.doFilter(ServletHandler.java:1652)
	at org.eclipse.jetty.servlet.ServletHandler.doHandle(ServletHandler.java:585)
	at org.eclipse.jetty.server.handler.ScopedHandler.handle(ScopedHandler.java:143)
	at org.eclipse.jetty.security.SecurityHandler.handle(SecurityHandler.java:577)
	at org.eclipse.jetty.server.session.SessionHandler.doHandle(SessionHandler.java:223)
	at org.eclipse.jetty.server.handler.ContextHandler.doHandle(ContextHandler.java:1125)
	at org.eclipse.jetty.servlet.ServletHandler.doScope(ServletHandler.java:515)
	at org.eclipse.jetty.server.session.SessionHandler.doScope(SessionHandler.java:185)
	at org.eclipse.jetty.server.handler.ContextHandler.doScope(ContextHandler.java:1059)
	at org.eclipse.jetty.server.handler.ScopedHandler.handle(ScopedHandler.java:141)
	at org.eclipse.jetty.server.handler.ContextHandlerCollection.handle(ContextHandlerCollection.java:215)
	at org.eclipse.jetty.server.handler.HandlerCollection.handle(HandlerCollection.java:110)
	at org.eclipse.jetty.server.handler.HandlerWrapper.handle(HandlerWrapper.java:97)
	at org.eclipse.jetty.server.Server.handle(Server.java:497)
	at org.eclipse.jetty.server.HttpChannel.handle(HttpChannel.java:313)
	at org.eclipse.jetty.server.HttpConnection.onFillable(HttpConnection.java:248)
	at org.eclipse.jetty.io.AbstractConnection$2.run(AbstractConnection.java:540)
	at org.eclipse.jetty.util.thread.QueuedThreadPool.runJob(QueuedThreadPool.java:626)
	at org.eclipse.jetty.util.thread.QueuedThreadPool$3.run(QueuedThreadPool.java:546)
	at java.lang.Thread.run(Thread.java:745)
DEBUG 2015/11/14 23:28:13 DEBUG list:139 - ==>  Preparing: select count(*) from ( select id from post p where p.type=? order by p.createTime desc ) _temp_ 
DEBUG 2015/11/14 23:28:13 DEBUG BeanPropertyUtils:37 - can't found field mappedStatement in class class org.apache.ibatis.executor.statement.PreparedStatementHandler
DEBUG 2015/11/14 23:28:13 DEBUG list:139 - ==> Parameters: post(String)
DEBUG 2015/11/14 23:28:13 DEBUG list:139 - ==>  Preparing: select id from post p where p.type=? order by p.createTime desc limit 0,10 
DEBUG 2015/11/14 23:28:13 DEBUG list:139 - ==> Parameters: post(String)
DEBUG 2015/11/14 23:28:13 DEBUG list:139 - <==      Total: 0
DEBUG 2015/11/14 23:28:13 DEBUG PerformanceInterceptor:57 - use time->103 ms - id:com.zblog.core.dal.mapper.PostMapper.list - sql:select id from post p where p.type='post' order by p.createTime desc
ERROR 2015/11/14 23:28:13 ERROR LoginFilter:111 - error happend
org.apache.jasper.JasperException: /WEB-INF/jsp/index.jsp (line: 12, column: 3) File "header.html" not found
	at org.apache.jasper.compiler.DefaultErrorHandler.jspError(DefaultErrorHandler.java:42)
	at org.apache.jasper.compiler.ErrorDispatcher.dispatch(ErrorDispatcher.java:276)
	at org.apache.jasper.compiler.ErrorDispatcher.jspError(ErrorDispatcher.java:92)
	at org.apache.jasper.compiler.Parser.processIncludeDirective(Parser.java:323)
	at org.apache.jasper.compiler.Parser.parseIncludeDirective(Parser.java:358)
	at org.apache.jasper.compiler.Parser.parseDirective(Parser.java:461)
	at org.apache.jasper.compiler.Parser.parseFileDirectives(Parser.java:1781)
	at org.apache.jasper.compiler.Parser.parse(Parser.java:136)
	at org.apache.jasper.compiler.ParserController.doParse(ParserController.java:227)
	at org.apache.jasper.compiler.ParserController.parseDirectives(ParserController.java:117)
	at org.apache.jasper.compiler.Compiler.generateJava(Compiler.java:194)
	at org.apache.jasper.compiler.Compiler.compile(Compiler.java:356)
	at org.apache.jasper.compiler.Compiler.compile(Compiler.java:336)
	at org.apache.jasper.compiler.Compiler.compile(Compiler.java:323)
	at org.apache.jasper.JspCompilationContext.compile(JspCompilationContext.java:564)
	at org.apache.jasper.servlet.JspServletWrapper.service(JspServletWrapper.java:357)
	at org.apache.jasper.servlet.JspServlet.serviceJspFile(JspServlet.java:405)
	at org.apache.jasper.servlet.JspServlet.service(JspServlet.java:349)
	at org.eclipse.jetty.jsp.JettyJspServlet.service(JettyJspServlet.java:107)
	at javax.servlet.http.HttpServlet.service(HttpServlet.java:790)
	at org.eclipse.jetty.servlet.ServletHolder.handle(ServletHolder.java:800)
	at org.eclipse.jetty.servlet.ServletHandler.doHandle(ServletHandler.java:587)
	at org.eclipse.jetty.server.handler.ScopedHandler.handle(ScopedHandler.java:143)
	at org.eclipse.jetty.security.SecurityHandler.handle(SecurityHandler.java:595)
	at org.eclipse.jetty.server.session.SessionHandler.doHandle(SessionHandler.java:223)
	at org.eclipse.jetty.server.handler.ContextHandler.doHandle(ContextHandler.java:1125)
	at org.eclipse.jetty.servlet.ServletHandler.doScope(ServletHandler.java:515)
	at org.eclipse.jetty.server.session.SessionHandler.doScope(SessionHandler.java:185)
	at org.eclipse.jetty.server.handler.ContextHandler.doScope(ContextHandler.java:1059)
	at org.eclipse.jetty.server.handler.ScopedHandler.handle(ScopedHandler.java:141)
	at org.eclipse.jetty.server.Dispatcher.forward(Dispatcher.java:191)
	at org.eclipse.jetty.server.Dispatcher.forward(Dispatcher.java:72)
	at org.springframework.web.servlet.view.InternalResourceView.renderMergedOutputModel(InternalResourceView.java:168)
	at org.springframework.web.servlet.view.AbstractView.render(AbstractView.java:303)
	at org.springframework.web.servlet.DispatcherServlet.render(DispatcherServlet.java:1228)
	at org.springframework.web.servlet.DispatcherServlet.processDispatchResult(DispatcherServlet.java:1011)
	at org.springframework.web.servlet.DispatcherServlet.doDispatch(DispatcherServlet.java:955)
	at org.springframework.web.servlet.DispatcherServlet.doService(DispatcherServlet.java:877)
	at org.springframework.web.servlet.FrameworkServlet.processRequest(FrameworkServlet.java:966)
	at org.springframework.web.servlet.FrameworkServlet.doGet(FrameworkServlet.java:857)
	at javax.servlet.http.HttpServlet.service(HttpServlet.java:687)
	at org.springframework.web.servlet.FrameworkServlet.service(FrameworkServlet.java:842)
	at javax.servlet.http.HttpServlet.service(HttpServlet.java:790)
	at org.eclipse.jetty.servlet.ServletHolder.handle(ServletHolder.java:800)
	at org.eclipse.jetty.servlet.ServletHandler$CachedChain.doFilter(ServletHandler.java:1669)
	at org.springframework.web.filter.HiddenHttpMethodFilter.doFilterInternal(HiddenHttpMethodFilter.java:77)
	at org.springframework.web.filter.OncePerRequestFilter.doFilter(OncePerRequestFilter.java:107)
	at org.eclipse.jetty.servlet.ServletHandler$CachedChain.doFilter(ServletHandler.java:1652)
	at com.zblog.web.filter.StatelessCsrfFilter.doFilterInternal(StatelessCsrfFilter.java:95)
	at org.springframework.web.filter.OncePerRequestFilter.doFilter(OncePerRequestFilter.java:107)
	at org.eclipse.jetty.servlet.ServletHandler$CachedChain.doFilter(ServletHandler.java:1652)
	at com.zblog.web.filter.LoginFilter.doFilterInternal(LoginFilter.java:56)
	at org.springframework.web.filter.OncePerRequestFilter.doFilter(OncePerRequestFilter.java:107)
	at org.eclipse.jetty.servlet.ServletHandler$CachedChain.doFilter(ServletHandler.java:1652)
	at org.springframework.web.filter.HttpPutFormContentFilter.doFilterInternal(HttpPutFormContentFilter.java:87)
	at org.springframework.web.filter.OncePerRequestFilter.doFilter(OncePerRequestFilter.java:107)
	at org.eclipse.jetty.servlet.ServletHandler$CachedChain.doFilter(ServletHandler.java:1652)
	at com.zblog.web.filter.XssFilter.doFilterInternal(XssFilter.java:60)
	at org.springframework.web.filter.OncePerRequestFilter.doFilter(OncePerRequestFilter.java:107)
	at org.eclipse.jetty.servlet.ServletHandler$CachedChain.doFilter(ServletHandler.java:1652)
	at org.eclipse.jetty.servlet.ServletHandler.doHandle(ServletHandler.java:585)
	at org.eclipse.jetty.server.handler.ScopedHandler.handle(ScopedHandler.java:143)
	at org.eclipse.jetty.security.SecurityHandler.handle(SecurityHandler.java:577)
	at org.eclipse.jetty.server.session.SessionHandler.doHandle(SessionHandler.java:223)
	at org.eclipse.jetty.server.handler.ContextHandler.doHandle(ContextHandler.java:1125)
	at org.eclipse.jetty.servlet.ServletHandler.doScope(ServletHandler.java:515)
	at org.eclipse.jetty.server.session.SessionHandler.doScope(SessionHandler.java:185)
	at org.eclipse.jetty.server.handler.ContextHandler.doScope(ContextHandler.java:1059)
	at org.eclipse.jetty.server.handler.ScopedHandler.handle(ScopedHandler.java:141)
	at org.eclipse.jetty.server.handler.ContextHandlerCollection.handle(ContextHandlerCollection.java:215)
	at org.eclipse.jetty.server.handler.HandlerCollection.handle(HandlerCollection.java:110)
	at org.eclipse.jetty.server.handler.HandlerWrapper.handle(HandlerWrapper.java:97)
	at org.eclipse.jetty.server.Server.handle(Server.java:497)
	at org.eclipse.jetty.server.HttpChannel.handle(HttpChannel.java:313)
	at org.eclipse.jetty.server.HttpConnection.onFillable(HttpConnection.java:248)
	at org.eclipse.jetty.io.AbstractConnection$2.run(AbstractConnection.java:540)
	at org.eclipse.jetty.util.thread.QueuedThreadPool.runJob(QueuedThreadPool.java:626)
	at org.eclipse.jetty.util.thread.QueuedThreadPool$3.run(QueuedThreadPool.java:546)
	at java.lang.Thread.run(Thread.java:745)
DEBUG 2015/11/14 23:28:17 DEBUG list:139 - ==>  Preparing: select count(*) from ( select id from post p where p.type=? order by p.createTime desc ) _temp_ 
DEBUG 2015/11/14 23:28:17 DEBUG BeanPropertyUtils:37 - can't found field mappedStatement in class class org.apache.ibatis.executor.statement.PreparedStatementHandler
DEBUG 2015/11/14 23:28:17 DEBUG list:139 - ==> Parameters: post(String)
DEBUG 2015/11/14 23:28:17 DEBUG list:139 - ==>  Preparing: select id from post p where p.type=? order by p.createTime desc limit 0,10 
DEBUG 2015/11/14 23:28:17 DEBUG list:139 - ==> Parameters: post(String)
DEBUG 2015/11/14 23:28:17 DEBUG list:139 - <==      Total: 0
DEBUG 2015/11/14 23:28:17 DEBUG PerformanceInterceptor:57 - use time->69 ms - id:com.zblog.core.dal.mapper.PostMapper.list - sql:select id from post p where p.type='post' order by p.createTime desc
ERROR 2015/11/14 23:28:17 ERROR LoginFilter:111 - error happend
org.apache.jasper.JasperException: /WEB-INF/jsp/index.jsp (line: 12, column: 3) File "header.html" not found
	at org.apache.jasper.compiler.DefaultErrorHandler.jspError(DefaultErrorHandler.java:42)
	at org.apache.jasper.compiler.ErrorDispatcher.dispatch(ErrorDispatcher.java:276)
	at org.apache.jasper.compiler.ErrorDispatcher.jspError(ErrorDispatcher.java:92)
	at org.apache.jasper.compiler.Parser.processIncludeDirective(Parser.java:323)
	at org.apache.jasper.compiler.Parser.parseIncludeDirective(Parser.java:358)
	at org.apache.jasper.compiler.Parser.parseDirective(Parser.java:461)
	at org.apache.jasper.compiler.Parser.parseFileDirectives(Parser.java:1781)
	at org.apache.jasper.compiler.Parser.parse(Parser.java:136)
	at org.apache.jasper.compiler.ParserController.doParse(ParserController.java:227)
	at org.apache.jasper.compiler.ParserController.parseDirectives(ParserController.java:117)
	at org.apache.jasper.compiler.Compiler.generateJava(Compiler.java:194)
	at org.apache.jasper.compiler.Compiler.compile(Compiler.java:356)
	at org.apache.jasper.compiler.Compiler.compile(Compiler.java:336)
	at org.apache.jasper.compiler.Compiler.compile(Compiler.java:323)
	at org.apache.jasper.JspCompilationContext.compile(JspCompilationContext.java:564)
	at org.apache.jasper.servlet.JspServletWrapper.service(JspServletWrapper.java:357)
	at org.apache.jasper.servlet.JspServlet.serviceJspFile(JspServlet.java:405)
	at org.apache.jasper.servlet.JspServlet.service(JspServlet.java:349)
	at org.eclipse.jetty.jsp.JettyJspServlet.service(JettyJspServlet.java:107)
	at javax.servlet.http.HttpServlet.service(HttpServlet.java:790)
	at org.eclipse.jetty.servlet.ServletHolder.handle(ServletHolder.java:800)
	at org.eclipse.jetty.servlet.ServletHandler.doHandle(ServletHandler.java:587)
	at org.eclipse.jetty.server.handler.ScopedHandler.handle(ScopedHandler.java:143)
	at org.eclipse.jetty.security.SecurityHandler.handle(SecurityHandler.java:595)
	at org.eclipse.jetty.server.session.SessionHandler.doHandle(SessionHandler.java:223)
	at org.eclipse.jetty.server.handler.ContextHandler.doHandle(ContextHandler.java:1125)
	at org.eclipse.jetty.servlet.ServletHandler.doScope(ServletHandler.java:515)
	at org.eclipse.jetty.server.session.SessionHandler.doScope(SessionHandler.java:185)
	at org.eclipse.jetty.server.handler.ContextHandler.doScope(ContextHandler.java:1059)
	at org.eclipse.jetty.server.handler.ScopedHandler.handle(ScopedHandler.java:141)
	at org.eclipse.jetty.server.Dispatcher.forward(Dispatcher.java:191)
	at org.eclipse.jetty.server.Dispatcher.forward(Dispatcher.java:72)
	at org.springframework.web.servlet.view.InternalResourceView.renderMergedOutputModel(InternalResourceView.java:168)
	at org.springframework.web.servlet.view.AbstractView.render(AbstractView.java:303)
	at org.springframework.web.servlet.DispatcherServlet.render(DispatcherServlet.java:1228)
	at org.springframework.web.servlet.DispatcherServlet.processDispatchResult(DispatcherServlet.java:1011)
	at org.springframework.web.servlet.DispatcherServlet.doDispatch(DispatcherServlet.java:955)
	at org.springframework.web.servlet.DispatcherServlet.doService(DispatcherServlet.java:877)
	at org.springframework.web.servlet.FrameworkServlet.processRequest(FrameworkServlet.java:966)
	at org.springframework.web.servlet.FrameworkServlet.doGet(FrameworkServlet.java:857)
	at javax.servlet.http.HttpServlet.service(HttpServlet.java:687)
	at org.springframework.web.servlet.FrameworkServlet.service(FrameworkServlet.java:842)
	at javax.servlet.http.HttpServlet.service(HttpServlet.java:790)
	at org.eclipse.jetty.servlet.ServletHolder.handle(ServletHolder.java:800)
	at org.eclipse.jetty.servlet.ServletHandler$CachedChain.doFilter(ServletHandler.java:1669)
	at org.springframework.web.filter.HiddenHttpMethodFilter.doFilterInternal(HiddenHttpMethodFilter.java:77)
	at org.springframework.web.filter.OncePerRequestFilter.doFilter(OncePerRequestFilter.java:107)
	at org.eclipse.jetty.servlet.ServletHandler$CachedChain.doFilter(ServletHandler.java:1652)
	at com.zblog.web.filter.StatelessCsrfFilter.doFilterInternal(StatelessCsrfFilter.java:95)
	at org.springframework.web.filter.OncePerRequestFilter.doFilter(OncePerRequestFilter.java:107)
	at org.eclipse.jetty.servlet.ServletHandler$CachedChain.doFilter(ServletHandler.java:1652)
	at com.zblog.web.filter.LoginFilter.doFilterInternal(LoginFilter.java:56)
	at org.springframework.web.filter.OncePerRequestFilter.doFilter(OncePerRequestFilter.java:107)
	at org.eclipse.jetty.servlet.ServletHandler$CachedChain.doFilter(ServletHandler.java:1652)
	at org.springframework.web.filter.HttpPutFormContentFilter.doFilterInternal(HttpPutFormContentFilter.java:87)
	at org.springframework.web.filter.OncePerRequestFilter.doFilter(OncePerRequestFilter.java:107)
	at org.eclipse.jetty.servlet.ServletHandler$CachedChain.doFilter(ServletHandler.java:1652)
	at com.zblog.web.filter.XssFilter.doFilterInternal(XssFilter.java:60)
	at org.springframework.web.filter.OncePerRequestFilter.doFilter(OncePerRequestFilter.java:107)
	at org.eclipse.jetty.servlet.ServletHandler$CachedChain.doFilter(ServletHandler.java:1652)
	at org.eclipse.jetty.servlet.ServletHandler.doHandle(ServletHandler.java:585)
	at org.eclipse.jetty.server.handler.ScopedHandler.handle(ScopedHandler.java:143)
	at org.eclipse.jetty.security.SecurityHandler.handle(SecurityHandler.java:577)
	at org.eclipse.jetty.server.session.SessionHandler.doHandle(SessionHandler.java:223)
	at org.eclipse.jetty.server.handler.ContextHandler.doHandle(ContextHandler.java:1125)
	at org.eclipse.jetty.servlet.ServletHandler.doScope(ServletHandler.java:515)
	at org.eclipse.jetty.server.session.SessionHandler.doScope(SessionHandler.java:185)
	at org.eclipse.jetty.server.handler.ContextHandler.doScope(ContextHandler.java:1059)
	at org.eclipse.jetty.server.handler.ScopedHandler.handle(ScopedHandler.java:141)
	at org.eclipse.jetty.server.handler.ContextHandlerCollection.handle(ContextHandlerCollection.java:215)
	at org.eclipse.jetty.server.handler.HandlerCollection.handle(HandlerCollection.java:110)
	at org.eclipse.jetty.server.handler.HandlerWrapper.handle(HandlerWrapper.java:97)
	at org.eclipse.jetty.server.Server.handle(Server.java:497)
	at org.eclipse.jetty.server.HttpChannel.handle(HttpChannel.java:313)
	at org.eclipse.jetty.server.HttpConnection.onFillable(HttpConnection.java:248)
	at org.eclipse.jetty.io.AbstractConnection$2.run(AbstractConnection.java:540)
	at org.eclipse.jetty.util.thread.QueuedThreadPool.runJob(QueuedThreadPool.java:626)
	at org.eclipse.jetty.util.thread.QueuedThreadPool$3.run(QueuedThreadPool.java:546)
	at java.lang.Thread.run(Thread.java:745)
DEBUG 2015/11/14 23:28:17 DEBUG list:139 - ==>  Preparing: select count(*) from ( select id from post p where p.type=? order by p.createTime desc ) _temp_ 
DEBUG 2015/11/14 23:28:17 DEBUG BeanPropertyUtils:37 - can't found field mappedStatement in class class org.apache.ibatis.executor.statement.PreparedStatementHandler
DEBUG 2015/11/14 23:28:17 DEBUG list:139 - ==> Parameters: post(String)
DEBUG 2015/11/14 23:28:17 DEBUG list:139 - ==>  Preparing: select id from post p where p.type=? order by p.createTime desc limit 0,10 
DEBUG 2015/11/14 23:28:17 DEBUG list:139 - ==> Parameters: post(String)
DEBUG 2015/11/14 23:28:17 DEBUG list:139 - <==      Total: 0
DEBUG 2015/11/14 23:28:17 DEBUG PerformanceInterceptor:57 - use time->81 ms - id:com.zblog.core.dal.mapper.PostMapper.list - sql:select id from post p where p.type='post' order by p.createTime desc
DEBUG 2015/11/14 23:28:17 DEBUG getOptionValue:139 - ==>  Preparing: select value from options where id = ? 
DEBUG 2015/11/14 23:28:17 DEBUG getOptionValue:139 - ==> Parameters: keywords(String)
DEBUG 2015/11/14 23:28:17 DEBUG getOptionValue:139 - <==      Total: 0
DEBUG 2015/11/14 23:28:17 DEBUG PerformanceInterceptor:57 - use time->41 ms - id:com.zblog.core.dal.mapper.OptionMapper.getOptionValue - sql:select value from options where id = 'keywords'
DEBUG 2015/11/14 23:48:30 DEBUG list:139 - ==>  Preparing: select count(*) from ( select id from post p where p.type=? order by p.createTime desc ) _temp_ 
DEBUG 2015/11/14 23:48:30 DEBUG BeanPropertyUtils:37 - can't found field mappedStatement in class class org.apache.ibatis.executor.statement.PreparedStatementHandler
DEBUG 2015/11/14 23:48:30 DEBUG list:139 - ==> Parameters: post(String)
ERROR 2015/11/14 23:48:49 ERROR PageInterceptor:69 - can't get count Communications link failure

The last packet successfully received from the server was 1,231,132 milliseconds ago.  The last packet sent successfully to the server was 18,709 milliseconds ago.
DEBUG 2015/11/14 23:48:49 DEBUG list:139 - ==>  Preparing: select id from post p where p.type=? order by p.createTime desc limit 0,10 
ERROR 2015/11/14 23:48:49 ERROR LoginFilter:111 - error happend
java.net.SocketException: Operation timed out
	at java.net.SocketInputStream.socketRead0(Native Method)
	at java.net.SocketInputStream.socketRead(SocketInputStream.java:116)
	at java.net.SocketInputStream.read(SocketInputStream.java:170)
	at java.net.SocketInputStream.read(SocketInputStream.java:141)
	at com.mysql.jdbc.util.ReadAheadInputStream.fill(ReadAheadInputStream.java:114)
	at com.mysql.jdbc.util.ReadAheadInputStream.readFromUnderlyingStreamIfNecessary(ReadAheadInputStream.java:161)
	at com.mysql.jdbc.util.ReadAheadInputStream.read(ReadAheadInputStream.java:189)
	at com.mysql.jdbc.MysqlIO.readFully(MysqlIO.java:3163)
	at com.mysql.jdbc.MysqlIO.reuseAndReadPacket(MysqlIO.java:3620)
	at com.mysql.jdbc.MysqlIO.reuseAndReadPacket(MysqlIO.java:3609)
	at com.mysql.jdbc.MysqlIO.checkErrorPacket(MysqlIO.java:4160)
	at com.mysql.jdbc.MysqlIO.sendCommand(MysqlIO.java:2617)
	at com.mysql.jdbc.MysqlIO.sqlQueryDirect(MysqlIO.java:2778)
	at com.mysql.jdbc.ConnectionImpl.execSQL(ConnectionImpl.java:2825)
	at com.mysql.jdbc.PreparedStatement.executeInternal(PreparedStatement.java:2156)
	at com.mysql.jdbc.PreparedStatement.executeQuery(PreparedStatement.java:2323)
	at org.apache.commons.dbcp.DelegatingPreparedStatement.executeQuery(DelegatingPreparedStatement.java:96)
	at org.apache.commons.dbcp.DelegatingPreparedStatement.executeQuery(DelegatingPreparedStatement.java:96)
	at sun.reflect.NativeMethodAccessorImpl.invoke0(Native Method)
	at sun.reflect.NativeMethodAccessorImpl.invoke(NativeMethodAccessorImpl.java:62)
	at sun.reflect.DelegatingMethodAccessorImpl.invoke(DelegatingMethodAccessorImpl.java:43)
	at java.lang.reflect.Method.invoke(Method.java:497)
	at org.apache.ibatis.logging.jdbc.PreparedStatementLogger.invoke(PreparedStatementLogger.java:55)
	at com.sun.proxy.$Proxy49.executeQuery(Unknown Source)
	at com.zblog.core.plugin.PageInterceptor.intercept(PageInterceptor.java:61)
	at org.apache.ibatis.plugin.Plugin.invoke(Plugin.java:60)
	at com.sun.proxy.$Proxy47.prepare(Unknown Source)
	at org.apache.ibatis.executor.SimpleExecutor.prepareStatement(SimpleExecutor.java:73)
	at org.apache.ibatis.executor.SimpleExecutor.doQuery(SimpleExecutor.java:59)
	at org.apache.ibatis.executor.BaseExecutor.queryFromDatabase(BaseExecutor.java:267)
	at org.apache.ibatis.executor.BaseExecutor.query(BaseExecutor.java:137)
	at org.apache.ibatis.executor.CachingExecutor.query(CachingExecutor.java:96)
	at org.apache.ibatis.executor.CachingExecutor.query(CachingExecutor.java:77)
	at sun.reflect.NativeMethodAccessorImpl.invoke0(Native Method)
	at sun.reflect.NativeMethodAccessorImpl.invoke(NativeMethodAccessorImpl.java:62)
	at sun.reflect.DelegatingMethodAccessorImpl.invoke(DelegatingMethodAccessorImpl.java:43)
	at java.lang.reflect.Method.invoke(Method.java:497)
	at org.apache.ibatis.plugin.Invocation.proceed(Invocation.java:49)
	at com.zblog.core.plugin.PerformanceInterceptor.intercept(PerformanceInterceptor.java:54)
	at org.apache.ibatis.plugin.Plugin.invoke(Plugin.java:60)
	at com.sun.proxy.$Proxy46.query(Unknown Source)
	at org.apache.ibatis.session.defaults.DefaultSqlSession.selectList(DefaultSqlSession.java:108)
	at org.apache.ibatis.session.defaults.DefaultSqlSession.selectList(DefaultSqlSession.java:102)
	at sun.reflect.NativeMethodAccessorImpl.invoke0(Native Method)
	at sun.reflect.NativeMethodAccessorImpl.invoke(NativeMethodAccessorImpl.java:62)
	at sun.reflect.DelegatingMethodAccessorImpl.invoke(DelegatingMethodAccessorImpl.java:43)
	at java.lang.reflect.Method.invoke(Method.java:497)
	at org.mybatis.spring.SqlSessionTemplate$SqlSessionInterceptor.invoke(SqlSessionTemplate.java:386)
	at com.sun.proxy.$Proxy26.selectList(Unknown Source)
	at org.mybatis.spring.SqlSessionTemplate.selectList(SqlSessionTemplate.java:205)
	at org.apache.ibatis.binding.MapperMethod.executeForMany(MapperMethod.java:119)
	at org.apache.ibatis.binding.MapperMethod.execute(MapperMethod.java:63)
	at org.apache.ibatis.binding.MapperProxy.invoke(MapperProxy.java:52)
	at com.sun.proxy.$Proxy29.list(Unknown Source)
	at com.zblog.service.BaseService.list(BaseService.java:20)
	at com.zblog.service.PostService.listPost(PostService.java:67)
	at com.zblog.service.PostService$$FastClassBySpringCGLIB$$692a741d.invoke(<generated>)
	at org.springframework.cglib.proxy.MethodProxy.invoke(MethodProxy.java:204)
	at org.springframework.aop.framework.CglibAopProxy$CglibMethodInvocation.invokeJoinpoint(CglibAopProxy.java:717)
	at org.springframework.aop.framework.ReflectiveMethodInvocation.proceed(ReflectiveMethodInvocation.java:157)
	at org.springframework.aop.interceptor.ExposeInvocationInterceptor.invoke(ExposeInvocationInterceptor.java:92)
	at org.springframework.aop.framework.ReflectiveMethodInvocation.proceed(ReflectiveMethodInvocation.java:179)
	at org.springframework.aop.framework.CglibAopProxy$DynamicAdvisedInterceptor.intercept(CglibAopProxy.java:653)
	at com.zblog.service.PostService$$EnhancerBySpringCGLIB$$aac57b4.listPost(<generated>)
	at com.zblog.biz.PostManager.listPost(PostManager.java:141)
	at com.zblog.biz.PostManager$$FastClassBySpringCGLIB$$9a74fef3.invoke(<generated>)
	at org.springframework.cglib.proxy.MethodProxy.invoke(MethodProxy.java:204)
	at org.springframework.aop.framework.CglibAopProxy$CglibMethodInvocation.invokeJoinpoint(CglibAopProxy.java:717)
	at org.springframework.aop.framework.ReflectiveMethodInvocation.proceed(ReflectiveMethodInvocation.java:157)
	at org.springframework.aop.interceptor.ExposeInvocationInterceptor.invoke(ExposeInvocationInterceptor.java:92)
	at org.springframework.aop.framework.ReflectiveMethodInvocation.proceed(ReflectiveMethodInvocation.java:179)
	at org.springframework.aop.framework.CglibAopProxy$DynamicAdvisedInterceptor.intercept(CglibAopProxy.java:653)
	at com.zblog.biz.PostManager$$EnhancerBySpringCGLIB$$8790fb46.listPost(<generated>)
	at com.zblog.web.front.controller.IndexController.index(IndexController.java:49)
	at sun.reflect.NativeMethodAccessorImpl.invoke0(Native Method)
	at sun.reflect.NativeMethodAccessorImpl.invoke(NativeMethodAccessorImpl.java:62)
	at sun.reflect.DelegatingMethodAccessorImpl.invoke(DelegatingMethodAccessorImpl.java:43)
	at java.lang.reflect.Method.invoke(Method.java:497)
	at org.springframework.web.method.support.InvocableHandlerMethod.doInvoke(InvocableHandlerMethod.java:221)
	at org.springframework.web.method.support.InvocableHandlerMethod.invokeForRequest(InvocableHandlerMethod.java:137)
	at org.springframework.web.servlet.mvc.method.annotation.ServletInvocableHandlerMethod.invokeAndHandle(ServletInvocableHandlerMethod.java:110)
	at org.springframework.web.servlet.mvc.method.annotation.RequestMappingHandlerAdapter.invokeHandleMethod(RequestMappingHandlerAdapter.java:777)
	at org.springframework.web.servlet.mvc.method.annotation.RequestMappingHandlerAdapter.handleInternal(RequestMappingHandlerAdapter.java:706)
	at org.springframework.web.servlet.mvc.method.AbstractHandlerMethodAdapter.handle(AbstractHandlerMethodAdapter.java:85)
	at org.springframework.web.servlet.DispatcherServlet.doDispatch(DispatcherServlet.java:943)
	at org.springframework.web.servlet.DispatcherServlet.doService(DispatcherServlet.java:877)
	at org.springframework.web.servlet.FrameworkServlet.processRequest(FrameworkServlet.java:966)
	at org.springframework.web.servlet.FrameworkServlet.doGet(FrameworkServlet.java:857)
	at javax.servlet.http.HttpServlet.service(HttpServlet.java:687)
	at org.springframework.web.servlet.FrameworkServlet.service(FrameworkServlet.java:842)
	at javax.servlet.http.HttpServlet.service(HttpServlet.java:790)
	at org.eclipse.jetty.servlet.ServletHolder.handle(ServletHolder.java:800)
	at org.eclipse.jetty.servlet.ServletHandler$CachedChain.doFilter(ServletHandler.java:1669)
	at org.springframework.web.filter.HiddenHttpMethodFilter.doFilterInternal(HiddenHttpMethodFilter.java:77)
	at org.springframework.web.filter.OncePerRequestFilter.doFilter(OncePerRequestFilter.java:107)
	at org.eclipse.jetty.servlet.ServletHandler$CachedChain.doFilter(ServletHandler.java:1652)
	at com.zblog.web.filter.StatelessCsrfFilter.doFilterInternal(StatelessCsrfFilter.java:95)
	at org.springframework.web.filter.OncePerRequestFilter.doFilter(OncePerRequestFilter.java:107)
	at org.eclipse.jetty.servlet.ServletHandler$CachedChain.doFilter(ServletHandler.java:1652)
	at com.zblog.web.filter.LoginFilter.doFilterInternal(LoginFilter.java:56)
	at org.springframework.web.filter.OncePerRequestFilter.doFilter(OncePerRequestFilter.java:107)
	at org.eclipse.jetty.servlet.ServletHandler$CachedChain.doFilter(ServletHandler.java:1652)
	at org.springframework.web.filter.HttpPutFormContentFilter.doFilterInternal(HttpPutFormContentFilter.java:87)
	at org.springframework.web.filter.OncePerRequestFilter.doFilter(OncePerRequestFilter.java:107)
	at org.eclipse.jetty.servlet.ServletHandler$CachedChain.doFilter(ServletHandler.java:1652)
	at com.zblog.web.filter.XssFilter.doFilterInternal(XssFilter.java:60)
	at org.springframework.web.filter.OncePerRequestFilter.doFilter(OncePerRequestFilter.java:107)
	at org.eclipse.jetty.servlet.ServletHandler$CachedChain.doFilter(ServletHandler.java:1652)
	at org.eclipse.jetty.servlet.ServletHandler.doHandle(ServletHandler.java:585)
	at org.eclipse.jetty.server.handler.ScopedHandler.handle(ScopedHandler.java:143)
	at org.eclipse.jetty.security.SecurityHandler.handle(SecurityHandler.java:577)
	at org.eclipse.jetty.server.session.SessionHandler.doHandle(SessionHandler.java:223)
	at org.eclipse.jetty.server.handler.ContextHandler.doHandle(ContextHandler.java:1125)
	at org.eclipse.jetty.servlet.ServletHandler.doScope(ServletHandler.java:515)
	at org.eclipse.jetty.server.session.SessionHandler.doScope(SessionHandler.java:185)
	at org.eclipse.jetty.server.handler.ContextHandler.doScope(ContextHandler.java:1059)
	at org.eclipse.jetty.server.handler.ScopedHandler.handle(ScopedHandler.java:141)
	at org.eclipse.jetty.server.handler.ContextHandlerCollection.handle(ContextHandlerCollection.java:215)
	at org.eclipse.jetty.server.handler.HandlerCollection.handle(HandlerCollection.java:110)
	at org.eclipse.jetty.server.handler.HandlerWrapper.handle(HandlerWrapper.java:97)
	at org.eclipse.jetty.server.Server.handle(Server.java:497)
	at org.eclipse.jetty.server.HttpChannel.handle(HttpChannel.java:313)
	at org.eclipse.jetty.server.HttpConnection.onFillable(HttpConnection.java:248)
	at org.eclipse.jetty.io.AbstractConnection$2.run(AbstractConnection.java:540)
	at org.eclipse.jetty.util.thread.QueuedThreadPool.runJob(QueuedThreadPool.java:626)
	at org.eclipse.jetty.util.thread.QueuedThreadPool$3.run(QueuedThreadPool.java:546)
	at java.lang.Thread.run(Thread.java:745)
DEBUG 2015/11/14 23:49:05 DEBUG list:139 - ==>  Preparing: select count(*) from ( select id from post p where p.type=? order by p.createTime desc ) _temp_ 
DEBUG 2015/11/14 23:49:05 DEBUG BeanPropertyUtils:37 - can't found field mappedStatement in class class org.apache.ibatis.executor.statement.PreparedStatementHandler
DEBUG 2015/11/14 23:49:05 DEBUG list:139 - ==> Parameters: post(String)
DEBUG 2015/11/14 23:49:05 DEBUG list:139 - ==>  Preparing: select id from post p where p.type=? order by p.createTime desc limit 0,10 
DEBUG 2015/11/14 23:49:05 DEBUG list:139 - ==> Parameters: post(String)
DEBUG 2015/11/14 23:49:05 DEBUG list:139 - <==      Total: 0
DEBUG 2015/11/14 23:49:05 DEBUG PerformanceInterceptor:57 - use time->391 ms - id:com.zblog.core.dal.mapper.PostMapper.list - sql:select id from post p where p.type='post' order by p.createTime desc
ERROR 2015/11/14 23:49:05 ERROR LoginFilter:111 - error happend
org.apache.jasper.JasperException: /WEB-INF/jsp/index.jsp (line: 12, column: 3) File "common/header.html" not found
	at org.apache.jasper.compiler.DefaultErrorHandler.jspError(DefaultErrorHandler.java:42)
	at org.apache.jasper.compiler.ErrorDispatcher.dispatch(ErrorDispatcher.java:276)
	at org.apache.jasper.compiler.ErrorDispatcher.jspError(ErrorDispatcher.java:92)
	at org.apache.jasper.compiler.Parser.processIncludeDirective(Parser.java:323)
	at org.apache.jasper.compiler.Parser.parseIncludeDirective(Parser.java:358)
	at org.apache.jasper.compiler.Parser.parseDirective(Parser.java:461)
	at org.apache.jasper.compiler.Parser.parseFileDirectives(Parser.java:1781)
	at org.apache.jasper.compiler.Parser.parse(Parser.java:136)
	at org.apache.jasper.compiler.ParserController.doParse(ParserController.java:227)
	at org.apache.jasper.compiler.ParserController.parseDirectives(ParserController.java:117)
	at org.apache.jasper.compiler.Compiler.generateJava(Compiler.java:194)
	at org.apache.jasper.compiler.Compiler.compile(Compiler.java:356)
	at org.apache.jasper.compiler.Compiler.compile(Compiler.java:336)
	at org.apache.jasper.compiler.Compiler.compile(Compiler.java:323)
	at org.apache.jasper.JspCompilationContext.compile(JspCompilationContext.java:564)
	at org.apache.jasper.servlet.JspServletWrapper.service(JspServletWrapper.java:357)
	at org.apache.jasper.servlet.JspServlet.serviceJspFile(JspServlet.java:405)
	at org.apache.jasper.servlet.JspServlet.service(JspServlet.java:349)
	at org.eclipse.jetty.jsp.JettyJspServlet.service(JettyJspServlet.java:107)
	at javax.servlet.http.HttpServlet.service(HttpServlet.java:790)
	at org.eclipse.jetty.servlet.ServletHolder.handle(ServletHolder.java:800)
	at org.eclipse.jetty.servlet.ServletHandler.doHandle(ServletHandler.java:587)
	at org.eclipse.jetty.server.handler.ScopedHandler.handle(ScopedHandler.java:143)
	at org.eclipse.jetty.security.SecurityHandler.handle(SecurityHandler.java:595)
	at org.eclipse.jetty.server.session.SessionHandler.doHandle(SessionHandler.java:223)
	at org.eclipse.jetty.server.handler.ContextHandler.doHandle(ContextHandler.java:1125)
	at org.eclipse.jetty.servlet.ServletHandler.doScope(ServletHandler.java:515)
	at org.eclipse.jetty.server.session.SessionHandler.doScope(SessionHandler.java:185)
	at org.eclipse.jetty.server.handler.ContextHandler.doScope(ContextHandler.java:1059)
	at org.eclipse.jetty.server.handler.ScopedHandler.handle(ScopedHandler.java:141)
	at org.eclipse.jetty.server.Dispatcher.forward(Dispatcher.java:191)
	at org.eclipse.jetty.server.Dispatcher.forward(Dispatcher.java:72)
	at org.springframework.web.servlet.view.InternalResourceView.renderMergedOutputModel(InternalResourceView.java:168)
	at org.springframework.web.servlet.view.AbstractView.render(AbstractView.java:303)
	at org.springframework.web.servlet.DispatcherServlet.render(DispatcherServlet.java:1228)
	at org.springframework.web.servlet.DispatcherServlet.processDispatchResult(DispatcherServlet.java:1011)
	at org.springframework.web.servlet.DispatcherServlet.doDispatch(DispatcherServlet.java:955)
	at org.springframework.web.servlet.DispatcherServlet.doService(DispatcherServlet.java:877)
	at org.springframework.web.servlet.FrameworkServlet.processRequest(FrameworkServlet.java:966)
	at org.springframework.web.servlet.FrameworkServlet.doGet(FrameworkServlet.java:857)
	at javax.servlet.http.HttpServlet.service(HttpServlet.java:687)
	at org.springframework.web.servlet.FrameworkServlet.service(FrameworkServlet.java:842)
	at javax.servlet.http.HttpServlet.service(HttpServlet.java:790)
	at org.eclipse.jetty.servlet.ServletHolder.handle(ServletHolder.java:800)
	at org.eclipse.jetty.servlet.ServletHandler$CachedChain.doFilter(ServletHandler.java:1669)
	at org.springframework.web.filter.HiddenHttpMethodFilter.doFilterInternal(HiddenHttpMethodFilter.java:77)
	at org.springframework.web.filter.OncePerRequestFilter.doFilter(OncePerRequestFilter.java:107)
	at org.eclipse.jetty.servlet.ServletHandler$CachedChain.doFilter(ServletHandler.java:1652)
	at com.zblog.web.filter.StatelessCsrfFilter.doFilterInternal(StatelessCsrfFilter.java:95)
	at org.springframework.web.filter.OncePerRequestFilter.doFilter(OncePerRequestFilter.java:107)
	at org.eclipse.jetty.servlet.ServletHandler$CachedChain.doFilter(ServletHandler.java:1652)
	at com.zblog.web.filter.LoginFilter.doFilterInternal(LoginFilter.java:56)
	at org.springframework.web.filter.OncePerRequestFilter.doFilter(OncePerRequestFilter.java:107)
	at org.eclipse.jetty.servlet.ServletHandler$CachedChain.doFilter(ServletHandler.java:1652)
	at org.springframework.web.filter.HttpPutFormContentFilter.doFilterInternal(HttpPutFormContentFilter.java:87)
	at org.springframework.web.filter.OncePerRequestFilter.doFilter(OncePerRequestFilter.java:107)
	at org.eclipse.jetty.servlet.ServletHandler$CachedChain.doFilter(ServletHandler.java:1652)
	at com.zblog.web.filter.XssFilter.doFilterInternal(XssFilter.java:60)
	at org.springframework.web.filter.OncePerRequestFilter.doFilter(OncePerRequestFilter.java:107)
	at org.eclipse.jetty.servlet.ServletHandler$CachedChain.doFilter(ServletHandler.java:1652)
	at org.eclipse.jetty.servlet.ServletHandler.doHandle(ServletHandler.java:585)
	at org.eclipse.jetty.server.handler.ScopedHandler.handle(ScopedHandler.java:143)
	at org.eclipse.jetty.security.SecurityHandler.handle(SecurityHandler.java:577)
	at org.eclipse.jetty.server.session.SessionHandler.doHandle(SessionHandler.java:223)
	at org.eclipse.jetty.server.handler.ContextHandler.doHandle(ContextHandler.java:1125)
	at org.eclipse.jetty.servlet.ServletHandler.doScope(ServletHandler.java:515)
	at org.eclipse.jetty.server.session.SessionHandler.doScope(SessionHandler.java:185)
	at org.eclipse.jetty.server.handler.ContextHandler.doScope(ContextHandler.java:1059)
	at org.eclipse.jetty.server.handler.ScopedHandler.handle(ScopedHandler.java:141)
	at org.eclipse.jetty.server.handler.ContextHandlerCollection.handle(ContextHandlerCollection.java:215)
	at org.eclipse.jetty.server.handler.HandlerCollection.handle(HandlerCollection.java:110)
	at org.eclipse.jetty.server.handler.HandlerWrapper.handle(HandlerWrapper.java:97)
	at org.eclipse.jetty.server.Server.handle(Server.java:497)
	at org.eclipse.jetty.server.HttpChannel.handle(HttpChannel.java:313)
	at org.eclipse.jetty.server.HttpConnection.onFillable(HttpConnection.java:248)
	at org.eclipse.jetty.io.AbstractConnection$2.run(AbstractConnection.java:540)
	at org.eclipse.jetty.util.thread.QueuedThreadPool.runJob(QueuedThreadPool.java:626)
	at org.eclipse.jetty.util.thread.QueuedThreadPool$3.run(QueuedThreadPool.java:546)
	at java.lang.Thread.run(Thread.java:745)
DEBUG 2015/11/14 23:49:28 DEBUG LogFactory:128 - Logging initialized using 'class org.apache.ibatis.logging.slf4j.Slf4jImpl' adapter.
DEBUG 2015/11/14 23:49:29 DEBUG LoginFilter:177 - Initializing filter 'LoginFilter'
DEBUG 2015/11/14 23:49:29 DEBUG LoginFilter:202 - Filter 'LoginFilter' configured successfully
DEBUG 2015/11/14 23:49:29 DEBUG XssFilter:177 - Initializing filter 'XssFilter'
DEBUG 2015/11/14 23:49:30 DEBUG XssFilter:202 - Filter 'XssFilter' configured successfully
DEBUG 2015/11/14 23:49:30 DEBUG StatelessCsrfFilter:177 - Initializing filter 'StatelessCsrfFilter'
DEBUG 2015/11/14 23:49:30 DEBUG StatelessCsrfFilter:202 - Filter 'StatelessCsrfFilter' configured successfully
DEBUG 2015/11/14 23:49:39 DEBUG list:139 - ==>  Preparing: select count(*) from ( select id from post p where p.type=? order by p.createTime desc ) _temp_ 
DEBUG 2015/11/14 23:49:39 DEBUG BeanPropertyUtils:37 - can't found field mappedStatement in class class org.apache.ibatis.executor.statement.PreparedStatementHandler
DEBUG 2015/11/14 23:49:39 DEBUG list:139 - ==> Parameters: post(String)
DEBUG 2015/11/14 23:49:39 DEBUG list:139 - ==>  Preparing: select count(*) from ( select id from post p where p.type=? order by p.createTime desc ) _temp_ 
DEBUG 2015/11/14 23:49:39 DEBUG BeanPropertyUtils:37 - can't found field mappedStatement in class class org.apache.ibatis.executor.statement.PreparedStatementHandler
DEBUG 2015/11/14 23:49:39 DEBUG list:139 - ==> Parameters: post(String)
DEBUG 2015/11/14 23:49:39 DEBUG list:139 - ==>  Preparing: select id from post p where p.type=? order by p.createTime desc limit 0,10 
DEBUG 2015/11/14 23:49:39 DEBUG list:139 - ==>  Preparing: select id from post p where p.type=? order by p.createTime desc limit 0,10 
DEBUG 2015/11/14 23:49:39 DEBUG list:139 - ==> Parameters: post(String)
DEBUG 2015/11/14 23:49:39 DEBUG list:139 - ==> Parameters: post(String)
DEBUG 2015/11/14 23:49:39 DEBUG list:139 - <==      Total: 0
DEBUG 2015/11/14 23:49:39 DEBUG list:139 - <==      Total: 0
DEBUG 2015/11/14 23:49:39 DEBUG PerformanceInterceptor:57 - use time->1148 ms - id:com.zblog.core.dal.mapper.PostMapper.list - sql:select id from post p where p.type='post' order by p.createTime desc
DEBUG 2015/11/14 23:49:39 DEBUG PerformanceInterceptor:57 - use time->1148 ms - id:com.zblog.core.dal.mapper.PostMapper.list - sql:select id from post p where p.type='post' order by p.createTime desc
ERROR 2015/11/14 23:49:39 ERROR LoginFilter:111 - error happend
java.lang.ClassNotFoundException: org.apache.jsp.WEB_002dINF.jsp.index_jsp
	at java.net.URLClassLoader.findClass(URLClassLoader.java:381)
	at org.apache.jasper.servlet.JasperLoader.loadClass(JasperLoader.java:131)
	at org.apache.jasper.servlet.JasperLoader.loadClass(JasperLoader.java:62)
	at org.apache.tomcat.SimpleInstanceManager.newInstance(SimpleInstanceManager.java:51)
	at org.apache.jasper.servlet.JspServletWrapper.getServlet(JspServletWrapper.java:172)
	at org.apache.jasper.servlet.JspServletWrapper.service(JspServletWrapper.java:369)
	at org.apache.jasper.servlet.JspServlet.serviceJspFile(JspServlet.java:405)
	at org.apache.jasper.servlet.JspServlet.service(JspServlet.java:349)
	at org.eclipse.jetty.jsp.JettyJspServlet.service(JettyJspServlet.java:107)
	at javax.servlet.http.HttpServlet.service(HttpServlet.java:790)
	at org.eclipse.jetty.servlet.ServletHolder.handle(ServletHolder.java:800)
	at org.eclipse.jetty.servlet.ServletHandler.doHandle(ServletHandler.java:587)
	at org.eclipse.jetty.server.handler.ScopedHandler.handle(ScopedHandler.java:143)
	at org.eclipse.jetty.security.SecurityHandler.handle(SecurityHandler.java:595)
	at org.eclipse.jetty.server.session.SessionHandler.doHandle(SessionHandler.java:223)
	at org.eclipse.jetty.server.handler.ContextHandler.doHandle(ContextHandler.java:1125)
	at org.eclipse.jetty.servlet.ServletHandler.doScope(ServletHandler.java:515)
	at org.eclipse.jetty.server.session.SessionHandler.doScope(SessionHandler.java:185)
	at org.eclipse.jetty.server.handler.ContextHandler.doScope(ContextHandler.java:1059)
	at org.eclipse.jetty.server.handler.ScopedHandler.handle(ScopedHandler.java:141)
	at org.eclipse.jetty.server.Dispatcher.forward(Dispatcher.java:191)
	at org.eclipse.jetty.server.Dispatcher.forward(Dispatcher.java:72)
	at org.springframework.web.servlet.view.InternalResourceView.renderMergedOutputModel(InternalResourceView.java:168)
	at org.springframework.web.servlet.view.AbstractView.render(AbstractView.java:303)
	at org.springframework.web.servlet.DispatcherServlet.render(DispatcherServlet.java:1228)
	at org.springframework.web.servlet.DispatcherServlet.processDispatchResult(DispatcherServlet.java:1011)
	at org.springframework.web.servlet.DispatcherServlet.doDispatch(DispatcherServlet.java:955)
	at org.springframework.web.servlet.DispatcherServlet.doService(DispatcherServlet.java:877)
	at org.springframework.web.servlet.FrameworkServlet.processRequest(FrameworkServlet.java:966)
	at org.springframework.web.servlet.FrameworkServlet.doGet(FrameworkServlet.java:857)
	at javax.servlet.http.HttpServlet.service(HttpServlet.java:687)
	at org.springframework.web.servlet.FrameworkServlet.service(FrameworkServlet.java:842)
	at javax.servlet.http.HttpServlet.service(HttpServlet.java:790)
	at org.eclipse.jetty.servlet.ServletHolder.handle(ServletHolder.java:800)
	at org.eclipse.jetty.servlet.ServletHandler$CachedChain.doFilter(ServletHandler.java:1669)
	at org.springframework.web.filter.HiddenHttpMethodFilter.doFilterInternal(HiddenHttpMethodFilter.java:77)
	at org.springframework.web.filter.OncePerRequestFilter.doFilter(OncePerRequestFilter.java:107)
	at org.eclipse.jetty.servlet.ServletHandler$CachedChain.doFilter(ServletHandler.java:1652)
	at com.zblog.web.filter.StatelessCsrfFilter.doFilterInternal(StatelessCsrfFilter.java:95)
	at org.springframework.web.filter.OncePerRequestFilter.doFilter(OncePerRequestFilter.java:107)
	at org.eclipse.jetty.servlet.ServletHandler$CachedChain.doFilter(ServletHandler.java:1652)
	at com.zblog.web.filter.LoginFilter.doFilterInternal(LoginFilter.java:56)
	at org.springframework.web.filter.OncePerRequestFilter.doFilter(OncePerRequestFilter.java:107)
	at org.eclipse.jetty.servlet.ServletHandler$CachedChain.doFilter(ServletHandler.java:1652)
	at org.springframework.web.filter.HttpPutFormContentFilter.doFilterInternal(HttpPutFormContentFilter.java:87)
	at org.springframework.web.filter.OncePerRequestFilter.doFilter(OncePerRequestFilter.java:107)
	at org.eclipse.jetty.servlet.ServletHandler$CachedChain.doFilter(ServletHandler.java:1652)
	at com.zblog.web.filter.XssFilter.doFilterInternal(XssFilter.java:60)
	at org.springframework.web.filter.OncePerRequestFilter.doFilter(OncePerRequestFilter.java:107)
	at org.eclipse.jetty.servlet.ServletHandler$CachedChain.doFilter(ServletHandler.java:1652)
	at org.eclipse.jetty.servlet.ServletHandler.doHandle(ServletHandler.java:585)
	at org.eclipse.jetty.server.handler.ScopedHandler.handle(ScopedHandler.java:143)
	at org.eclipse.jetty.security.SecurityHandler.handle(SecurityHandler.java:577)
	at org.eclipse.jetty.server.session.SessionHandler.doHandle(SessionHandler.java:223)
	at org.eclipse.jetty.server.handler.ContextHandler.doHandle(ContextHandler.java:1125)
	at org.eclipse.jetty.servlet.ServletHandler.doScope(ServletHandler.java:515)
	at org.eclipse.jetty.server.session.SessionHandler.doScope(SessionHandler.java:185)
	at org.eclipse.jetty.server.handler.ContextHandler.doScope(ContextHandler.java:1059)
	at org.eclipse.jetty.server.handler.ScopedHandler.handle(ScopedHandler.java:141)
	at org.eclipse.jetty.server.handler.ContextHandlerCollection.handle(ContextHandlerCollection.java:215)
	at org.eclipse.jetty.server.handler.HandlerCollection.handle(HandlerCollection.java:110)
	at org.eclipse.jetty.server.handler.HandlerWrapper.handle(HandlerWrapper.java:97)
	at org.eclipse.jetty.server.Server.handle(Server.java:497)
	at org.eclipse.jetty.server.HttpChannel.handle(HttpChannel.java:313)
	at org.eclipse.jetty.server.HttpConnection.onFillable(HttpConnection.java:248)
	at org.eclipse.jetty.io.AbstractConnection$2.run(AbstractConnection.java:540)
	at org.eclipse.jetty.util.thread.QueuedThreadPool.runJob(QueuedThreadPool.java:626)
	at org.eclipse.jetty.util.thread.QueuedThreadPool$3.run(QueuedThreadPool.java:546)
	at java.lang.Thread.run(Thread.java:745)
ERROR 2015/11/14 23:49:39 ERROR LoginFilter:111 - error happend
org.apache.jasper.JasperException: /WEB-INF/jsp/index.jsp (line: 12, column: 3) File "common/header.html" not found
	at org.apache.jasper.compiler.DefaultErrorHandler.jspError(DefaultErrorHandler.java:42)
	at org.apache.jasper.compiler.ErrorDispatcher.dispatch(ErrorDispatcher.java:276)
	at org.apache.jasper.compiler.ErrorDispatcher.jspError(ErrorDispatcher.java:92)
	at org.apache.jasper.compiler.Parser.processIncludeDirective(Parser.java:323)
	at org.apache.jasper.compiler.Parser.parseIncludeDirective(Parser.java:358)
	at org.apache.jasper.compiler.Parser.parseDirective(Parser.java:461)
	at org.apache.jasper.compiler.Parser.parseFileDirectives(Parser.java:1781)
	at org.apache.jasper.compiler.Parser.parse(Parser.java:136)
	at org.apache.jasper.compiler.ParserController.doParse(ParserController.java:227)
	at org.apache.jasper.compiler.ParserController.parseDirectives(ParserController.java:117)
	at org.apache.jasper.compiler.Compiler.generateJava(Compiler.java:194)
	at org.apache.jasper.compiler.Compiler.compile(Compiler.java:356)
	at org.apache.jasper.compiler.Compiler.compile(Compiler.java:336)
	at org.apache.jasper.compiler.Compiler.compile(Compiler.java:323)
	at org.apache.jasper.JspCompilationContext.compile(JspCompilationContext.java:564)
	at org.apache.jasper.servlet.JspServletWrapper.service(JspServletWrapper.java:357)
	at org.apache.jasper.servlet.JspServlet.serviceJspFile(JspServlet.java:405)
	at org.apache.jasper.servlet.JspServlet.service(JspServlet.java:349)
	at org.eclipse.jetty.jsp.JettyJspServlet.service(JettyJspServlet.java:107)
	at javax.servlet.http.HttpServlet.service(HttpServlet.java:790)
	at org.eclipse.jetty.servlet.ServletHolder.handle(ServletHolder.java:800)
	at org.eclipse.jetty.servlet.ServletHandler.doHandle(ServletHandler.java:587)
	at org.eclipse.jetty.server.handler.ScopedHandler.handle(ScopedHandler.java:143)
	at org.eclipse.jetty.security.SecurityHandler.handle(SecurityHandler.java:595)
	at org.eclipse.jetty.server.session.SessionHandler.doHandle(SessionHandler.java:223)
	at org.eclipse.jetty.server.handler.ContextHandler.doHandle(ContextHandler.java:1125)
	at org.eclipse.jetty.servlet.ServletHandler.doScope(ServletHandler.java:515)
	at org.eclipse.jetty.server.session.SessionHandler.doScope(SessionHandler.java:185)
	at org.eclipse.jetty.server.handler.ContextHandler.doScope(ContextHandler.java:1059)
	at org.eclipse.jetty.server.handler.ScopedHandler.handle(ScopedHandler.java:141)
	at org.eclipse.jetty.server.Dispatcher.forward(Dispatcher.java:191)
	at org.eclipse.jetty.server.Dispatcher.forward(Dispatcher.java:72)
	at org.springframework.web.servlet.view.InternalResourceView.renderMergedOutputModel(InternalResourceView.java:168)
	at org.springframework.web.servlet.view.AbstractView.render(AbstractView.java:303)
	at org.springframework.web.servlet.DispatcherServlet.render(DispatcherServlet.java:1228)
	at org.springframework.web.servlet.DispatcherServlet.processDispatchResult(DispatcherServlet.java:1011)
	at org.springframework.web.servlet.DispatcherServlet.doDispatch(DispatcherServlet.java:955)
	at org.springframework.web.servlet.DispatcherServlet.doService(DispatcherServlet.java:877)
	at org.springframework.web.servlet.FrameworkServlet.processRequest(FrameworkServlet.java:966)
	at org.springframework.web.servlet.FrameworkServlet.doGet(FrameworkServlet.java:857)
	at javax.servlet.http.HttpServlet.service(HttpServlet.java:687)
	at org.springframework.web.servlet.FrameworkServlet.service(FrameworkServlet.java:842)
	at javax.servlet.http.HttpServlet.service(HttpServlet.java:790)
	at org.eclipse.jetty.servlet.ServletHolder.handle(ServletHolder.java:800)
	at org.eclipse.jetty.servlet.ServletHandler$CachedChain.doFilter(ServletHandler.java:1669)
	at org.springframework.web.filter.HiddenHttpMethodFilter.doFilterInternal(HiddenHttpMethodFilter.java:77)
	at org.springframework.web.filter.OncePerRequestFilter.doFilter(OncePerRequestFilter.java:107)
	at org.eclipse.jetty.servlet.ServletHandler$CachedChain.doFilter(ServletHandler.java:1652)
	at com.zblog.web.filter.StatelessCsrfFilter.doFilterInternal(StatelessCsrfFilter.java:95)
	at org.springframework.web.filter.OncePerRequestFilter.doFilter(OncePerRequestFilter.java:107)
	at org.eclipse.jetty.servlet.ServletHandler$CachedChain.doFilter(ServletHandler.java:1652)
	at com.zblog.web.filter.LoginFilter.doFilterInternal(LoginFilter.java:56)
	at org.springframework.web.filter.OncePerRequestFilter.doFilter(OncePerRequestFilter.java:107)
	at org.eclipse.jetty.servlet.ServletHandler$CachedChain.doFilter(ServletHandler.java:1652)
	at org.springframework.web.filter.HttpPutFormContentFilter.doFilterInternal(HttpPutFormContentFilter.java:87)
	at org.springframework.web.filter.OncePerRequestFilter.doFilter(OncePerRequestFilter.java:107)
	at org.eclipse.jetty.servlet.ServletHandler$CachedChain.doFilter(ServletHandler.java:1652)
	at com.zblog.web.filter.XssFilter.doFilterInternal(XssFilter.java:60)
	at org.springframework.web.filter.OncePerRequestFilter.doFilter(OncePerRequestFilter.java:107)
	at org.eclipse.jetty.servlet.ServletHandler$CachedChain.doFilter(ServletHandler.java:1652)
	at org.eclipse.jetty.servlet.ServletHandler.doHandle(ServletHandler.java:585)
	at org.eclipse.jetty.server.handler.ScopedHandler.handle(ScopedHandler.java:143)
	at org.eclipse.jetty.security.SecurityHandler.handle(SecurityHandler.java:577)
	at org.eclipse.jetty.server.session.SessionHandler.doHandle(SessionHandler.java:223)
	at org.eclipse.jetty.server.handler.ContextHandler.doHandle(ContextHandler.java:1125)
	at org.eclipse.jetty.servlet.ServletHandler.doScope(ServletHandler.java:515)
	at org.eclipse.jetty.server.session.SessionHandler.doScope(SessionHandler.java:185)
	at org.eclipse.jetty.server.handler.ContextHandler.doScope(ContextHandler.java:1059)
	at org.eclipse.jetty.server.handler.ScopedHandler.handle(ScopedHandler.java:141)
	at org.eclipse.jetty.server.handler.ContextHandlerCollection.handle(ContextHandlerCollection.java:215)
	at org.eclipse.jetty.server.handler.HandlerCollection.handle(HandlerCollection.java:110)
	at org.eclipse.jetty.server.handler.HandlerWrapper.handle(HandlerWrapper.java:97)
	at org.eclipse.jetty.server.Server.handle(Server.java:497)
	at org.eclipse.jetty.server.HttpChannel.handle(HttpChannel.java:313)
	at org.eclipse.jetty.server.HttpConnection.onFillable(HttpConnection.java:248)
	at org.eclipse.jetty.io.AbstractConnection$2.run(AbstractConnection.java:540)
	at org.eclipse.jetty.util.thread.QueuedThreadPool.runJob(QueuedThreadPool.java:626)
	at org.eclipse.jetty.util.thread.QueuedThreadPool$3.run(QueuedThreadPool.java:546)
	at java.lang.Thread.run(Thread.java:745)
DEBUG 2015/11/14 23:56:30 DEBUG LogFactory:128 - Logging initialized using 'class org.apache.ibatis.logging.slf4j.Slf4jImpl' adapter.
DEBUG 2015/11/14 23:56:31 DEBUG LoginFilter:177 - Initializing filter 'LoginFilter'
DEBUG 2015/11/14 23:56:31 DEBUG LoginFilter:202 - Filter 'LoginFilter' configured successfully
DEBUG 2015/11/14 23:56:31 DEBUG XssFilter:177 - Initializing filter 'XssFilter'
DEBUG 2015/11/14 23:56:31 DEBUG XssFilter:202 - Filter 'XssFilter' configured successfully
DEBUG 2015/11/14 23:56:31 DEBUG StatelessCsrfFilter:177 - Initializing filter 'StatelessCsrfFilter'
DEBUG 2015/11/14 23:56:31 DEBUG StatelessCsrfFilter:202 - Filter 'StatelessCsrfFilter' configured successfully
DEBUG 2015/11/14 23:57:01 DEBUG getOptionValue:139 - ==>  Preparing: select value from options where id = ? 
DEBUG 2015/11/14 23:57:01 DEBUG getOptionValue:139 - ==> Parameters: title(String)
DEBUG 2015/11/14 23:57:01 DEBUG getOptionValue:139 - <==      Total: 1
DEBUG 2015/11/14 23:57:01 DEBUG PerformanceInterceptor:57 - use time->1221 ms - id:com.zblog.core.dal.mapper.OptionMapper.getOptionValue - sql:select value from options where id = 'title'
DEBUG 2015/11/14 23:57:02 DEBUG getOptionValue:139 - ==>  Preparing: select value from options where id = ? 
DEBUG 2015/11/14 23:57:02 DEBUG getOptionValue:139 - ==> Parameters: subtitle(String)
DEBUG 2015/11/14 23:57:02 DEBUG getOptionValue:139 - <==      Total: 1
DEBUG 2015/11/14 23:57:02 DEBUG PerformanceInterceptor:57 - use time->34 ms - id:com.zblog.core.dal.mapper.OptionMapper.getOptionValue - sql:select value from options where id = 'subtitle'
DEBUG 2015/11/14 23:57:02 DEBUG list:139 - ==>  Preparing: select id, name, level,visible from view_category 
DEBUG 2015/11/14 23:57:02 DEBUG list:139 - ==> Parameters: 
DEBUG 2015/11/14 23:57:02 DEBUG list:139 - <==      Total: 1
DEBUG 2015/11/14 23:57:02 DEBUG PerformanceInterceptor:57 - use time->56 ms - id:com.zblog.core.dal.mapper.CategoryMapper.list - sql:select id, name, level,visible from view_category
DEBUG 2015/11/14 23:57:02 DEBUG listPage:139 - ==>  Preparing: select id, title, parent from post where type='page' 
DEBUG 2015/11/14 23:57:02 DEBUG listPage:139 - ==> Parameters: 
DEBUG 2015/11/14 23:57:02 DEBUG listPage:139 - <==      Total: 0
DEBUG 2015/11/14 23:57:02 DEBUG PerformanceInterceptor:57 - use time->38 ms - id:com.zblog.core.dal.mapper.PostMapper.listPage - sql:select id, title, parent from post where type='page'
ERROR 2015/11/14 23:57:02 ERROR LoginFilter:111 - error happend
java.lang.NullPointerException
	at com.zblog.service.freemarker.FreeMarkerUtils.<clinit>(FreeMarkerUtils.java:34)
	at com.zblog.biz.aop.StaticTemplate.staticHeader(StaticTemplate.java:62)
	at com.zblog.web.front.controller.IndexController.restatic(IndexController.java:78)
	at sun.reflect.NativeMethodAccessorImpl.invoke0(Native Method)
	at sun.reflect.NativeMethodAccessorImpl.invoke(NativeMethodAccessorImpl.java:62)
	at sun.reflect.DelegatingMethodAccessorImpl.invoke(DelegatingMethodAccessorImpl.java:43)
	at java.lang.reflect.Method.invoke(Method.java:497)
	at org.springframework.web.method.support.InvocableHandlerMethod.doInvoke(InvocableHandlerMethod.java:221)
	at org.springframework.web.method.support.InvocableHandlerMethod.invokeForRequest(InvocableHandlerMethod.java:137)
	at org.springframework.web.servlet.mvc.method.annotation.ServletInvocableHandlerMethod.invokeAndHandle(ServletInvocableHandlerMethod.java:110)
	at org.springframework.web.servlet.mvc.method.annotation.RequestMappingHandlerAdapter.invokeHandleMethod(RequestMappingHandlerAdapter.java:777)
	at org.springframework.web.servlet.mvc.method.annotation.RequestMappingHandlerAdapter.handleInternal(RequestMappingHandlerAdapter.java:706)
	at org.springframework.web.servlet.mvc.method.AbstractHandlerMethodAdapter.handle(AbstractHandlerMethodAdapter.java:85)
	at org.springframework.web.servlet.DispatcherServlet.doDispatch(DispatcherServlet.java:943)
	at org.springframework.web.servlet.DispatcherServlet.doService(DispatcherServlet.java:877)
	at org.springframework.web.servlet.FrameworkServlet.processRequest(FrameworkServlet.java:966)
	at org.springframework.web.servlet.FrameworkServlet.doGet(FrameworkServlet.java:857)
	at javax.servlet.http.HttpServlet.service(HttpServlet.java:687)
	at org.springframework.web.servlet.FrameworkServlet.service(FrameworkServlet.java:842)
	at javax.servlet.http.HttpServlet.service(HttpServlet.java:790)
	at org.eclipse.jetty.servlet.ServletHolder.handle(ServletHolder.java:800)
	at org.eclipse.jetty.servlet.ServletHandler$CachedChain.doFilter(ServletHandler.java:1669)
	at org.springframework.web.filter.HiddenHttpMethodFilter.doFilterInternal(HiddenHttpMethodFilter.java:77)
	at org.springframework.web.filter.OncePerRequestFilter.doFilter(OncePerRequestFilter.java:107)
	at org.eclipse.jetty.servlet.ServletHandler$CachedChain.doFilter(ServletHandler.java:1652)
	at com.zblog.web.filter.StatelessCsrfFilter.doFilterInternal(StatelessCsrfFilter.java:95)
	at org.springframework.web.filter.OncePerRequestFilter.doFilter(OncePerRequestFilter.java:107)
	at org.eclipse.jetty.servlet.ServletHandler$CachedChain.doFilter(ServletHandler.java:1652)
	at com.zblog.web.filter.LoginFilter.doFilterInternal(LoginFilter.java:56)
	at org.springframework.web.filter.OncePerRequestFilter.doFilter(OncePerRequestFilter.java:107)
	at org.eclipse.jetty.servlet.ServletHandler$CachedChain.doFilter(ServletHandler.java:1652)
	at org.springframework.web.filter.HttpPutFormContentFilter.doFilterInternal(HttpPutFormContentFilter.java:87)
	at org.springframework.web.filter.OncePerRequestFilter.doFilter(OncePerRequestFilter.java:107)
	at org.eclipse.jetty.servlet.ServletHandler$CachedChain.doFilter(ServletHandler.java:1652)
	at com.zblog.web.filter.XssFilter.doFilterInternal(XssFilter.java:60)
	at org.springframework.web.filter.OncePerRequestFilter.doFilter(OncePerRequestFilter.java:107)
	at org.eclipse.jetty.servlet.ServletHandler$CachedChain.doFilter(ServletHandler.java:1652)
	at org.eclipse.jetty.servlet.ServletHandler.doHandle(ServletHandler.java:585)
	at org.eclipse.jetty.server.handler.ScopedHandler.handle(ScopedHandler.java:143)
	at org.eclipse.jetty.security.SecurityHandler.handle(SecurityHandler.java:577)
	at org.eclipse.jetty.server.session.SessionHandler.doHandle(SessionHandler.java:223)
	at org.eclipse.jetty.server.handler.ContextHandler.doHandle(ContextHandler.java:1125)
	at org.eclipse.jetty.servlet.ServletHandler.doScope(ServletHandler.java:515)
	at org.eclipse.jetty.server.session.SessionHandler.doScope(SessionHandler.java:185)
	at org.eclipse.jetty.server.handler.ContextHandler.doScope(ContextHandler.java:1059)
	at org.eclipse.jetty.server.handler.ScopedHandler.handle(ScopedHandler.java:141)
	at org.eclipse.jetty.server.handler.ContextHandlerCollection.handle(ContextHandlerCollection.java:215)
	at org.eclipse.jetty.server.handler.HandlerCollection.handle(HandlerCollection.java:110)
	at org.eclipse.jetty.server.handler.HandlerWrapper.handle(HandlerWrapper.java:97)
	at org.eclipse.jetty.server.Server.handle(Server.java:497)
	at org.eclipse.jetty.server.HttpChannel.handle(HttpChannel.java:313)
	at org.eclipse.jetty.server.HttpConnection.onFillable(HttpConnection.java:248)
	at org.eclipse.jetty.io.AbstractConnection$2.run(AbstractConnection.java:540)
	at org.eclipse.jetty.util.thread.QueuedThreadPool.runJob(QueuedThreadPool.java:626)
	at org.eclipse.jetty.util.thread.QueuedThreadPool$3.run(QueuedThreadPool.java:546)
	at java.lang.Thread.run(Thread.java:745)
DEBUG 2015/11/14 23:57:24 DEBUG LogFactory:128 - Logging initialized using 'class org.apache.ibatis.logging.slf4j.Slf4jImpl' adapter.
DEBUG 2015/11/14 23:57:25 DEBUG LoginFilter:177 - Initializing filter 'LoginFilter'
DEBUG 2015/11/14 23:57:25 DEBUG LoginFilter:202 - Filter 'LoginFilter' configured successfully
DEBUG 2015/11/14 23:57:25 DEBUG XssFilter:177 - Initializing filter 'XssFilter'
DEBUG 2015/11/14 23:57:25 DEBUG XssFilter:202 - Filter 'XssFilter' configured successfully
DEBUG 2015/11/14 23:57:25 DEBUG StatelessCsrfFilter:177 - Initializing filter 'StatelessCsrfFilter'
DEBUG 2015/11/14 23:57:25 DEBUG StatelessCsrfFilter:202 - Filter 'StatelessCsrfFilter' configured successfully
DEBUG 2015/11/14 23:57:51 DEBUG getOptionValue:139 - ==>  Preparing: select value from options where id = ? 
DEBUG 2015/11/14 23:57:51 DEBUG getOptionValue:139 - ==> Parameters: title(String)
DEBUG 2015/11/14 23:57:51 DEBUG getOptionValue:139 - <==      Total: 1
DEBUG 2015/11/14 23:57:51 DEBUG PerformanceInterceptor:57 - use time->1176 ms - id:com.zblog.core.dal.mapper.OptionMapper.getOptionValue - sql:select value from options where id = 'title'
DEBUG 2015/11/14 23:57:51 DEBUG getOptionValue:139 - ==>  Preparing: select value from options where id = ? 
DEBUG 2015/11/14 23:57:51 DEBUG getOptionValue:139 - ==> Parameters: subtitle(String)
DEBUG 2015/11/14 23:57:51 DEBUG getOptionValue:139 - <==      Total: 1
DEBUG 2015/11/14 23:57:51 DEBUG PerformanceInterceptor:57 - use time->34 ms - id:com.zblog.core.dal.mapper.OptionMapper.getOptionValue - sql:select value from options where id = 'subtitle'
DEBUG 2015/11/14 23:57:51 DEBUG list:139 - ==>  Preparing: select id, name, level,visible from view_category 
DEBUG 2015/11/14 23:57:51 DEBUG list:139 - ==> Parameters: 
DEBUG 2015/11/14 23:57:51 DEBUG list:139 - <==      Total: 1
DEBUG 2015/11/14 23:57:51 DEBUG PerformanceInterceptor:57 - use time->35 ms - id:com.zblog.core.dal.mapper.CategoryMapper.list - sql:select id, name, level,visible from view_category
DEBUG 2015/11/14 23:57:51 DEBUG listPage:139 - ==>  Preparing: select id, title, parent from post where type='page' 
DEBUG 2015/11/14 23:57:51 DEBUG listPage:139 - ==> Parameters: 
DEBUG 2015/11/14 23:57:51 DEBUG listPage:139 - <==      Total: 0
DEBUG 2015/11/14 23:57:51 DEBUG PerformanceInterceptor:57 - use time->40 ms - id:com.zblog.core.dal.mapper.PostMapper.listPage - sql:select id, title, parent from post where type='page'
